TN:
SF:app\error.tsx
FN:20,ErrorPage
FN:21,(anonymous_2)
FN:32,(anonymous_3)
FN:113,(anonymous_4)
FN:126,(anonymous_5)
FN:127,(anonymous_6)
FN:159,(anonymous_7)
FN:167,(anonymous_8)
FN:181,(anonymous_9)
FN:243,(anonymous_10)
FNF:10
FNH:0
FNDA:0,ErrorPage
FNDA:0,(anonymous_2)
FNDA:0,(anonymous_3)
FNDA:0,(anonymous_4)
FNDA:0,(anonymous_5)
FNDA:0,(anonymous_6)
FNDA:0,(anonymous_7)
FNDA:0,(anonymous_8)
FNDA:0,(anonymous_9)
FNDA:0,(anonymous_10)
DA:8,0
DA:9,0
DA:10,0
DA:11,0
DA:12,0
DA:13,0
DA:20,0
DA:21,0
DA:23,0
DA:26,0
DA:32,0
DA:33,0
DA:34,0
DA:37,0
DA:38,0
DA:52,0
DA:53,0
DA:67,0
DA:68,0
DA:82,0
DA:83,0
DA:97,0
DA:110,0
DA:111,0
DA:113,0
DA:114,0
DA:125,0
DA:126,0
DA:127,0
DA:159,0
DA:167,0
DA:182,0
DA:243,0
LF:33
LH:0
BRDA:26,0,0,0
BRDA:26,0,1,0
BRDA:34,1,0,0
BRDA:34,1,1,0
BRDA:37,2,0,0
BRDA:37,2,1,0
BRDA:37,3,0,0
BRDA:37,3,1,0
BRDA:37,3,2,0
BRDA:52,4,0,0
BRDA:52,4,1,0
BRDA:52,5,0,0
BRDA:52,5,1,0
BRDA:52,5,2,0
BRDA:67,6,0,0
BRDA:67,6,1,0
BRDA:67,7,0,0
BRDA:67,7,1,0
BRDA:67,7,2,0
BRDA:82,8,0,0
BRDA:82,8,1,0
BRDA:82,9,0,0
BRDA:82,9,1,0
BRDA:82,9,2,0
BRDA:189,10,0,0
BRDA:200,11,0,0
BRDA:211,12,0,0
BRF:27
BRH:0
end_of_record
TN:
SF:app\layout.tsx
FN:39,RootLayout
FNF:1
FNH:0
FNDA:0,RootLayout
DA:3,0
DA:4,0
DA:5,0
DA:6,0
DA:7,0
DA:8,0
DA:9,0
DA:11,0
DA:17,0
DA:39,0
LF:10
LH:0
BRF:0
BRH:0
end_of_record
TN:
SF:app\not-found.tsx
FN:14,NotFoundPage
FN:41,(anonymous_3)
FNF:2
FNH:0
FNDA:0,NotFoundPage
FNDA:0,(anonymous_3)
DA:8,0
DA:9,0
DA:10,0
DA:11,0
DA:12,0
DA:14,0
DA:41,0
LF:7
LH:0
BRF:0
BRH:0
end_of_record
TN:
SF:app\(dashboard)\page.tsx
FN:27,DashboardPage
FN:41,(anonymous_3)
FN:116,(anonymous_4)
FNF:3
FNH:0
FNDA:0,DashboardPage
FNDA:0,(anonymous_3)
FNDA:0,(anonymous_4)
DA:7,0
DA:8,0
DA:9,0
DA:10,0
DA:11,0
DA:12,0
DA:13,0
DA:14,0
DA:27,0
DA:28,0
DA:29,0
DA:32,0
DA:40,0
DA:41,0
DA:44,0
DA:45,0
DA:117,0
LF:17
LH:0
BRDA:45,0,0,0
BRDA:45,0,1,0
BRDA:55,1,0,0
BRDA:55,1,1,0
BRDA:82,2,0,0
BRDA:82,2,1,0
BRDA:82,3,0,0
BRDA:82,3,1,0
BRDA:88,4,0,0
BRDA:88,4,1,0
BRDA:90,5,0,0
BRDA:90,5,1,0
BRDA:90,6,0,0
BRDA:90,6,1,0
BRDA:96,7,0,0
BRDA:131,8,0,0
BRF:16
BRH:0
end_of_record
TN:
SF:app\admin\layout.tsx
FN:8,AdminLayout
FNF:1
FNH:0
FNDA:0,AdminLayout
DA:2,0
DA:3,0
DA:4,0
DA:5,0
DA:6,0
DA:8,0
DA:13,0
DA:16,0
DA:17,0
DA:21,0
DA:22,0
LF:11
LH:0
BRDA:16,0,0,0
BRDA:16,0,1,0
BRDA:21,1,0,0
BRDA:21,1,1,0
BRF:4
BRH:0
end_of_record
TN:
SF:app\admin\page.tsx
FN:7,(anonymous_5)
FN:7,(anonymous_6)
FN:7,(anonymous_7)
FN:18,AdminPage
FNF:4
FNH:0
FNDA:0,(anonymous_5)
FNDA:0,(anonymous_6)
FNDA:0,(anonymous_7)
FNDA:0,AdminPage
DA:3,0
DA:7,0
DA:18,0
DA:19,0
LF:4
LH:0
BRF:0
BRH:0
end_of_record
TN:
SF:app\admin\canchas\page.tsx
FN:32,AdminCanchasPage
FN:40,(anonymous_3)
FN:44,(anonymous_4)
FN:62,(anonymous_5)
FN:68,(anonymous_6)
FN:76,(anonymous_7)
FN:84,(anonymous_8)
FN:106,(anonymous_9)
FN:117,(anonymous_10)
FN:129,(anonymous_11)
FN:139,(anonymous_12)
FN:191,(anonymous_13)
FN:214,(anonymous_14)
FN:225,(anonymous_15)
FN:236,(anonymous_16)
FN:248,(anonymous_17)
FN:271,(anonymous_18)
FN:289,(anonymous_19)
FN:303,(anonymous_20)
FN:310,(anonymous_21)
FNF:20
FNH:0
FNDA:0,AdminCanchasPage
FNDA:0,(anonymous_3)
FNDA:0,(anonymous_4)
FNDA:0,(anonymous_5)
FNDA:0,(anonymous_6)
FNDA:0,(anonymous_7)
FNDA:0,(anonymous_8)
FNDA:0,(anonymous_9)
FNDA:0,(anonymous_10)
FNDA:0,(anonymous_11)
FNDA:0,(anonymous_12)
FNDA:0,(anonymous_13)
FNDA:0,(anonymous_14)
FNDA:0,(anonymous_15)
FNDA:0,(anonymous_16)
FNDA:0,(anonymous_17)
FNDA:0,(anonymous_18)
FNDA:0,(anonymous_19)
FNDA:0,(anonymous_20)
FNDA:0,(anonymous_21)
DA:3,0
DA:4,0
DA:5,0
DA:6,0
DA:7,0
DA:8,0
DA:9,0
DA:11,0
DA:19,0
DA:27,0
DA:28,0
DA:29,0
DA:30,0
DA:32,0
DA:33,0
DA:34,0
DA:35,0
DA:36,0
DA:37,0
DA:38,0
DA:40,0
DA:41,0
DA:44,0
DA:45,0
DA:46,0
DA:47,0
DA:48,0
DA:51,0
DA:57,0
DA:61,0
DA:63,0
DA:68,0
DA:69,0
DA:76,0
DA:77,0
DA:84,0
DA:85,0
DA:89,0
DA:94,0
DA:95,0
DA:106,0
DA:117,0
DA:129,0
DA:139,0
DA:156,0
DA:191,0
DA:214,0
DA:225,0
DA:236,0
DA:248,0
DA:272,0
DA:289,0
DA:303,0
DA:311,0
LF:54
LH:0
BRDA:47,0,0,0
BRDA:47,0,1,0
BRDA:63,1,0,0
BRDA:63,1,1,0
BRDA:63,1,2,0
BRDA:78,2,0,0
BRDA:78,2,1,0
BRDA:79,3,0,0
BRDA:79,3,1,0
BRDA:80,4,0,0
BRDA:80,4,1,0
BRDA:81,5,0,0
BRDA:81,5,1,0
BRDA:90,6,0,0
BRDA:90,6,1,0
BRDA:91,7,0,0
BRDA:91,7,1,0
BRDA:149,8,0,0
BRDA:149,8,1,0
BRDA:156,9,0,0
BRDA:156,9,1,0
BRDA:236,10,0,0
BRDA:236,10,1,0
BRDA:278,11,0,0
BRDA:278,11,1,0
BRDA:279,12,0,0
BRDA:279,12,1,0
BRDA:327,13,0,0
BRDA:329,14,0,0
BRDA:329,14,1,0
BRF:30
BRH:0
end_of_record
TN:
SF:app\admin\reportes\page.tsx
FN:23,AdminReportesPage
FN:29,(anonymous_3)
FN:33,(anonymous_4)
FN:51,(anonymous_5)
FN:162,(anonymous_6)
FN:187,(anonymous_7)
FN:273,(anonymous_8)
FN:292,(anonymous_9)
FNF:8
FNH:0
FNDA:0,AdminReportesPage
FNDA:0,(anonymous_3)
FNDA:0,(anonymous_4)
FNDA:0,(anonymous_5)
FNDA:0,(anonymous_6)
FNDA:0,(anonymous_7)
FNDA:0,(anonymous_8)
FNDA:0,(anonymous_9)
DA:3,0
DA:4,0
DA:5,0
DA:6,0
DA:17,0
DA:18,0
DA:19,0
DA:21,0
DA:23,0
DA:24,0
DA:25,0
DA:26,0
DA:27,0
DA:29,0
DA:30,0
DA:33,0
DA:34,0
DA:35,0
DA:36,0
DA:37,0
DA:38,0
DA:41,0
DA:47,0
DA:51,0
DA:52,0
DA:60,0
DA:73,0
DA:75,0
DA:111,0
DA:120,0
DA:128,0
DA:139,0
DA:162,0
DA:188,0
DA:189,0
DA:274,0
DA:292,0
LF:37
LH:0
BRDA:37,0,0,0
BRDA:37,0,1,0
BRDA:73,1,0,0
BRDA:73,1,1,0
BRDA:78,2,0,0
BRDA:78,2,1,0
BRDA:82,3,0,0
BRDA:82,3,1,0
BRDA:82,4,0,0
BRDA:82,4,1,0
BRDA:86,5,0,0
BRDA:86,5,1,0
BRDA:90,6,0,0
BRDA:90,6,1,0
BRDA:90,7,0,0
BRDA:90,7,1,0
BRDA:94,8,0,0
BRDA:94,8,1,0
BRDA:139,9,0,0
BRDA:139,9,1,0
BRDA:199,10,0,0
BRDA:203,11,0,0
BRDA:203,11,1,0
BRF:23
BRH:0
end_of_record
TN:
SF:app\admin\reservas\page.tsx
FN:34,AdminReservasPage
FN:42,(anonymous_3)
FN:46,(anonymous_4)
FN:63,(anonymous_5)
FN:73,(anonymous_6)
FN:81,(anonymous_7)
FN:115,(anonymous_8)
FN:125,(anonymous_9)
FN:155,(anonymous_10)
FN:156,(anonymous_11)
FN:157,(anonymous_12)
FN:159,(anonymous_13)
FN:160,(anonymous_14)
FN:242,(anonymous_15)
FN:291,(anonymous_16)
FN:296,(anonymous_17)
FNF:16
FNH:0
FNDA:0,AdminReservasPage
FNDA:0,(anonymous_3)
FNDA:0,(anonymous_4)
FNDA:0,(anonymous_5)
FNDA:0,(anonymous_6)
FNDA:0,(anonymous_7)
FNDA:0,(anonymous_8)
FNDA:0,(anonymous_9)
FNDA:0,(anonymous_10)
FNDA:0,(anonymous_11)
FNDA:0,(anonymous_12)
FNDA:0,(anonymous_13)
FNDA:0,(anonymous_14)
FNDA:0,(anonymous_15)
FNDA:0,(anonymous_16)
FNDA:0,(anonymous_17)
DA:3,0
DA:4,0
DA:6,0
DA:7,0
DA:8,0
DA:16,0
DA:28,0
DA:29,0
DA:30,0
DA:31,0
DA:32,0
DA:34,0
DA:35,0
DA:36,0
DA:37,0
DA:38,0
DA:39,0
DA:40,0
DA:42,0
DA:43,0
DA:46,0
DA:47,0
DA:48,0
DA:49,0
DA:50,0
DA:53,0
DA:59,0
DA:63,0
DA:64,0
DA:65,0
DA:66,0
DA:73,0
DA:74,0
DA:81,0
DA:82,0
DA:89,0
DA:115,0
DA:117,0
DA:123,0
DA:125,0
DA:126,0
DA:128,0
DA:129,0
DA:130,0
DA:131,0
DA:133,0
DA:135,0
DA:137,0
DA:139,0
DA:140,0
DA:141,0
DA:142,0
DA:143,0
DA:145,0
DA:149,0
DA:153,0
DA:155,0
DA:156,0
DA:157,0
DA:159,0
DA:160,0
DA:163,0
DA:242,0
DA:292,0
DA:293,0
DA:294,0
DA:297,0
DA:298,0
DA:300,0
LF:69
LH:0
BRDA:49,0,0,0
BRDA:49,0,1,0
BRDA:82,1,0,0
BRDA:82,1,1,0
BRDA:117,2,0,0
BRDA:117,2,1,0
BRDA:117,2,2,0
BRDA:117,2,3,0
BRDA:117,2,4,0
BRDA:123,3,0,0
BRDA:123,3,1,0
BRDA:126,4,0,0
BRDA:126,4,1,0
BRDA:133,5,0,0
BRDA:133,5,1,0
BRDA:133,5,2,0
BRDA:133,5,3,0
BRDA:143,6,0,0
BRDA:143,6,1,0
BRDA:149,7,0,0
BRDA:149,7,1,0
BRDA:149,7,2,0
BRDA:156,8,0,0
BRDA:156,8,1,0
BRDA:159,9,0,0
BRDA:159,9,1,0
BRDA:163,10,0,0
BRDA:163,10,1,0
BRDA:349,11,0,0
BRDA:351,12,0,0
BRDA:351,12,1,0
BRDA:351,13,0,0
BRDA:351,13,1,0
BRDA:351,13,2,0
BRF:34
BRH:0
end_of_record
TN:
SF:app\admin\usuarios\page.tsx
FN:33,AdminUsuariosPage
FN:41,(anonymous_3)
FN:45,(anonymous_4)
FN:62,(anonymous_5)
FN:77,(anonymous_6)
FN:98,(anonymous_7)
FN:115,(anonymous_8)
FN:116,(anonymous_9)
FN:117,(anonymous_10)
FN:118,(anonymous_11)
FN:198,(anonymous_12)
FN:244,(anonymous_13)
FN:249,(anonymous_14)
FN:295,(anonymous_15)
FNF:14
FNH:0
FNDA:0,AdminUsuariosPage
FNDA:0,(anonymous_3)
FNDA:0,(anonymous_4)
FNDA:0,(anonymous_5)
FNDA:0,(anonymous_6)
FNDA:0,(anonymous_7)
FNDA:0,(anonymous_8)
FNDA:0,(anonymous_9)
FNDA:0,(anonymous_10)
FNDA:0,(anonymous_11)
FNDA:0,(anonymous_12)
FNDA:0,(anonymous_13)
FNDA:0,(anonymous_14)
FNDA:0,(anonymous_15)
DA:3,0
DA:4,0
DA:5,0
DA:6,0
DA:7,0
DA:8,0
DA:16,0
DA:27,0
DA:28,0
DA:29,0
DA:30,0
DA:31,0
DA:33,0
DA:34,0
DA:35,0
DA:36,0
DA:37,0
DA:38,0
DA:39,0
DA:41,0
DA:42,0
DA:45,0
DA:46,0
DA:47,0
DA:48,0
DA:49,0
DA:52,0
DA:58,0
DA:62,0
DA:64,0
DA:69,0
DA:70,0
DA:74,0
DA:77,0
DA:78,0
DA:98,0
DA:113,0
DA:115,0
DA:116,0
DA:117,0
DA:118,0
DA:121,0
DA:198,0
DA:245,0
DA:246,0
DA:247,0
DA:250,0
DA:252,0
DA:296,0
LF:49
LH:0
BRDA:48,0,0,0
BRDA:48,0,1,0
BRDA:64,1,0,0
BRDA:64,1,1,0
BRDA:64,1,2,0
BRDA:64,1,3,0
BRDA:64,1,4,0
BRDA:69,2,0,0
BRDA:69,2,1,0
BRDA:70,3,0,0
BRDA:70,3,1,0
BRDA:70,3,2,0
BRDA:70,3,3,0
BRDA:70,3,4,0
BRDA:74,4,0,0
BRDA:74,4,1,0
BRDA:74,4,2,0
BRDA:100,5,0,0
BRDA:121,6,0,0
BRDA:121,6,1,0
BRDA:270,7,0,0
BRDA:312,8,0,0
BRDA:314,9,0,0
BRDA:314,9,1,0
BRDA:314,10,0,0
BRDA:314,10,1,0
BRDA:314,10,2,0
BRF:27
BRH:0
end_of_record
TN:
SF:app\cancha\[id]\page.tsx
FN:13,CourtPage
FNF:1
FNH:0
FNDA:0,CourtPage
DA:1,0
DA:2,0
DA:3,0
DA:4,0
DA:5,0
DA:13,0
DA:14,0
DA:15,0
DA:18,0
DA:20,0
DA:21,0
DA:24,0
DA:27,0
DA:28,0
DA:29,0
LF:15
LH:0
BRDA:20,0,0,0
BRDA:20,0,1,0
BRDA:20,1,0,0
BRDA:20,1,1,0
BRDA:29,2,0,0
BRDA:29,2,1,0
BRF:6
BRH:0
end_of_record
TN:
SF:app\login\page.tsx
FN:3,LoginPage
FNF:1
FNH:0
FNDA:0,LoginPage
DA:1,0
DA:3,0
LF:2
LH:0
BRF:0
BRH:0
end_of_record
TN:
SF:app\mis-reservas\page.tsx
FN:7,MyReservationsPage
FNF:1
FNH:0
FNDA:0,MyReservationsPage
DA:1,0
DA:2,0
DA:3,0
DA:4,0
DA:5,0
DA:7,0
DA:8,0
DA:11,0
DA:12,0
DA:16,0
DA:17,0
LF:11
LH:0
BRDA:11,0,0,0
BRDA:11,0,1,0
BRDA:17,1,0,0
BRDA:17,1,1,0
BRF:4
BRH:0
end_of_record
TN:
SF:app\notificaciones\page.tsx
FN:13,NotificationsPage
FNF:1
FNH:0
FNDA:0,NotificationsPage
DA:1,0
DA:2,0
DA:3,0
DA:4,0
DA:5,0
DA:8,0
DA:13,0
DA:14,0
DA:17,0
DA:18,0
LF:10
LH:0
BRDA:17,0,0,0
BRDA:17,0,1,0
BRF:2
BRH:0
end_of_record
TN:
SF:app\register\page.tsx
FN:3,RegisterPage
FNF:1
FNH:0
FNDA:0,RegisterPage
DA:1,0
DA:3,0
LF:2
LH:0
BRF:0
BRH:0
end_of_record
TN:
SF:components\navbar.tsx
FN:50,Navbar
FN:60,(anonymous_3)
FN:69,(anonymous_4)
FN:73,(anonymous_5)
FN:162,(anonymous_6)
FN:166,(anonymous_7)
FN:171,(anonymous_8)
FN:176,(anonymous_9)
FNF:8
FNH:0
FNDA:0,Navbar
FNDA:0,(anonymous_3)
FNDA:0,(anonymous_4)
FNDA:0,(anonymous_5)
FNDA:0,(anonymous_6)
FNDA:0,(anonymous_7)
FNDA:0,(anonymous_8)
FNDA:0,(anonymous_9)
DA:9,0
DA:10,0
DA:11,0
DA:12,0
DA:13,0
DA:14,0
DA:22,0
DA:29,0
DA:40,0
DA:41,0
DA:42,0
DA:43,0
DA:50,0
DA:51,0
DA:52,0
DA:53,0
DA:56,0
DA:57,0
DA:58,0
DA:60,0
DA:61,0
DA:62,0
DA:63,0
DA:65,0
DA:69,0
DA:70,0
DA:73,0
DA:74,0
DA:162,0
DA:166,0
DA:171,0
DA:176,0
LF:32
LH:0
BRDA:56,0,0,0
BRDA:56,0,1,0
BRDA:98,1,0,0
BRDA:107,2,0,0
BRDA:129,3,0,0
BRDA:154,4,0,0
BRDA:170,5,0,0
BRDA:223,6,0,0
BRDA:232,7,0,0
BRF:9
BRH:0
end_of_record
TN:
SF:components\theme-provider.tsx
FN:9,ThemeProvider
FNF:1
FNH:0
FNDA:0,ThemeProvider
DA:3,0
DA:7,0
DA:9,0
LF:3
LH:0
BRF:0
BRH:0
end_of_record
TN:
SF:components\admin\admin-dashboard.tsx
FN:71,AdminDashboard
FN:81,(anonymous_2)
FN:154,(anonymous_3)
FNF:3
FNH:0
FNDA:0,AdminDashboard
FNDA:0,(anonymous_2)
FNDA:0,(anonymous_3)
DA:1,0
DA:2,0
DA:3,0
DA:4,0
DA:5,0
DA:7,0
DA:42,0
DA:52,0
DA:63,0
DA:71,0
DA:82,0
DA:83,0
DA:155,0
LF:13
LH:0
BRDA:93,0,0,0
BRDA:97,1,0,0
BRDA:97,1,1,0
BRF:3
BRH:0
end_of_record
TN:
SF:components\admin\admin-sidebar.tsx
FN:49,AdminSidebar
FN:52,(anonymous_3)
FN:80,(anonymous_4)
FNF:3
FNH:0
FNDA:0,AdminSidebar
FNDA:0,(anonymous_3)
FNDA:0,(anonymous_4)
DA:14,0
DA:15,0
DA:16,0
DA:17,0
DA:18,0
DA:19,0
DA:21,0
DA:49,0
DA:50,0
DA:52,0
DA:53,0
DA:54,0
DA:55,0
DA:57,0
DA:81,0
LF:15
LH:0
BRF:0
BRH:0
end_of_record
TN:
SF:components\auth\auth-context.tsx
FN:30,useAuth
FN:42,AuthProvider
FN:53,(anonymous_11)
FN:54,(anonymous_12)
FN:73,(anonymous_13)
FN:78,(anonymous_14)
FN:83,(anonymous_15)
FN:89,(anonymous_16)
FN:99,(anonymous_17)
FN:109,(anonymous_18)
FN:116,(anonymous_19)
FN:132,(anonymous_20)
FN:148,(anonymous_21)
FN:162,(anonymous_22)
FN:178,(anonymous_23)
FN:219,useRequireAuth
FN:223,(anonymous_25)
FN:233,useRequireAdmin
FN:237,(anonymous_27)
FNF:19
FNH:1
FNDA:84,useAuth
FNDA:0,AuthProvider
FNDA:0,(anonymous_11)
FNDA:0,(anonymous_12)
FNDA:0,(anonymous_13)
FNDA:0,(anonymous_14)
FNDA:0,(anonymous_15)
FNDA:0,(anonymous_16)
FNDA:0,(anonymous_17)
FNDA:0,(anonymous_18)
FNDA:0,(anonymous_19)
FNDA:0,(anonymous_20)
FNDA:0,(anonymous_21)
FNDA:0,(anonymous_22)
FNDA:0,(anonymous_23)
FNDA:0,useRequireAuth
FNDA:0,(anonymous_25)
FNDA:0,useRequireAdmin
FNDA:0,(anonymous_27)
DA:8,1
DA:9,1
DA:10,1
DA:17,1
DA:19,1
DA:28,1
DA:30,84
DA:31,84
DA:32,84
DA:33,84
DA:35,0
DA:42,0
DA:43,0
DA:44,0
DA:45,0
DA:46,0
DA:47,0
DA:49,0
DA:50,0
DA:53,0
DA:54,0
DA:55,0
DA:56,0
DA:57,0
DA:58,0
DA:59,0
DA:62,0
DA:63,0
DA:65,0
DA:69,0
DA:73,0
DA:74,0
DA:75,0
DA:76,0
DA:78,0
DA:79,0
DA:80,0
DA:83,0
DA:84,0
DA:85,0
DA:86,0
DA:89,0
DA:90,0
DA:91,0
DA:92,0
DA:97,0
DA:99,0
DA:100,0
DA:101,0
DA:104,0
DA:109,0
DA:110,0
DA:112,0
DA:116,0
DA:119,0
DA:122,0
DA:125,0
DA:128,0
DA:132,0
DA:135,0
DA:138,0
DA:141,0
DA:144,0
DA:148,0
DA:149,0
DA:150,0
DA:151,0
DA:152,0
DA:153,0
DA:154,0
DA:157,0
DA:158,0
DA:162,0
DA:163,0
DA:164,0
DA:165,0
DA:166,0
DA:169,0
DA:170,0
DA:171,0
DA:172,0
DA:174,0
DA:178,0
DA:179,0
DA:180,0
DA:181,0
DA:182,0
DA:183,0
DA:184,0
DA:187,0
DA:188,0
DA:192,0
DA:203,0
DA:219,0
DA:220,0
DA:221,0
DA:223,0
DA:224,0
DA:225,0
DA:229,0
DA:233,0
DA:234,0
DA:235,0
DA:237,0
DA:238,0
DA:239,0
DA:240,0
DA:241,0
DA:242,0
DA:246,0
LF:110
LH:10
BRDA:32,0,0,84
BRDA:32,0,1,0
BRDA:49,1,0,0
BRDA:49,1,1,0
BRDA:56,2,0,0
BRDA:56,2,1,0
BRDA:74,3,0,0
BRDA:74,3,1,0
BRDA:74,4,0,0
BRDA:74,4,1,0
BRDA:90,5,0,0
BRDA:90,5,1,0
BRDA:110,6,0,0
BRDA:110,6,1,0
BRDA:110,6,2,0
BRDA:110,6,3,0
BRDA:110,6,4,0
BRDA:151,7,0,0
BRDA:151,7,1,0
BRDA:164,8,0,0
BRDA:164,8,1,0
BRDA:181,9,0,0
BRDA:181,9,1,0
BRDA:183,10,0,0
BRDA:183,10,1,0
BRDA:203,11,0,0
BRDA:203,11,1,0
BRDA:224,12,0,0
BRDA:224,12,1,0
BRDA:238,13,0,0
BRDA:238,13,1,0
BRDA:240,14,0,0
BRDA:240,14,1,0
BRF:33
BRH:1
end_of_record
TN:
SF:components\auth\login-form.tsx
FN:35,LoginForm
FN:48,(anonymous_3)
FN:49,(anonymous_4)
FN:109,(anonymous_5)
FNF:4
FNH:1
FNDA:97,LoginForm
FNDA:0,(anonymous_3)
FNDA:0,(anonymous_4)
FNDA:0,(anonymous_5)
DA:8,1
DA:9,1
DA:10,1
DA:11,1
DA:12,1
DA:13,1
DA:14,1
DA:15,1
DA:16,1
DA:17,1
DA:18,1
DA:19,1
DA:20,1
DA:22,1
DA:29,1
DA:35,24
DA:36,97
DA:37,0
DA:38,0
DA:44,0
DA:48,0
DA:49,0
DA:50,0
DA:51,0
DA:52,0
DA:53,0
DA:109,0
LF:27
LH:17
BRDA:71,0,0,0
BRDA:90,1,0,0
BRDA:101,2,0,0
BRDA:101,2,1,0
BRDA:114,3,0,0
BRDA:120,4,0,0
BRDA:151,5,0,0
BRDA:151,5,1,0
BRF:8
BRH:0
end_of_record
TN:
SF:components\auth\register-form.tsx
FN:29,(anonymous_2)
FN:42,RegisterForm
FN:56,(anonymous_4)
FN:57,(anonymous_5)
FN:181,(anonymous_6)
FN:213,(anonymous_7)
FNF:6
FNH:0
FNDA:0,(anonymous_2)
FNDA:0,RegisterForm
FNDA:0,(anonymous_4)
FNDA:0,(anonymous_5)
FNDA:0,(anonymous_6)
FNDA:0,(anonymous_7)
DA:8,0
DA:9,0
DA:10,0
DA:11,0
DA:12,0
DA:13,0
DA:14,0
DA:15,0
DA:16,0
DA:17,0
DA:18,0
DA:19,0
DA:20,0
DA:22,0
DA:29,0
DA:36,0
DA:42,0
DA:43,0
DA:44,0
DA:45,0
DA:46,0
DA:52,0
DA:56,0
DA:57,0
DA:58,0
DA:59,0
DA:60,0
DA:61,0
DA:62,0
DA:63,0
DA:64,0
DA:65,0
DA:67,0
DA:181,0
DA:213,0
LF:35
LH:0
BRDA:64,0,0,0
BRDA:64,0,1,0
BRDA:85,1,0,0
BRDA:105,2,0,0
BRDA:123,3,0,0
BRDA:142,4,0,0
BRDA:160,5,0,0
BRDA:171,6,0,0
BRDA:171,6,1,0
BRDA:186,7,0,0
BRDA:192,8,0,0
BRDA:203,9,0,0
BRDA:203,9,1,0
BRDA:218,10,0,0
BRDA:224,11,0,0
BRDA:256,12,0,0
BRDA:256,12,1,0
BRF:17
BRH:0
end_of_record
TN:
SF:components\court\court-detail.tsx
FN:72,CourtDetail
FN:83,(anonymous_3)
FN:84,(anonymous_4)
FN:106,(anonymous_5)
FN:107,(anonymous_6)
FN:110,(anonymous_7)
FN:111,(anonymous_8)
FN:114,(anonymous_9)
FN:120,(anonymous_10)
FN:169,(anonymous_11)
FN:177,(anonymous_12)
FN:207,(anonymous_13)
FN:234,(anonymous_14)
FN:240,(anonymous_15)
FN:309,(anonymous_16)
FN:310,(anonymous_17)
FN:322,(anonymous_18)
FN:329,(anonymous_19)
FN:338,(anonymous_20)
FN:436,(anonymous_21)
FNF:20
FNH:0
FNDA:0,CourtDetail
FNDA:0,(anonymous_3)
FNDA:0,(anonymous_4)
FNDA:0,(anonymous_5)
FNDA:0,(anonymous_6)
FNDA:0,(anonymous_7)
FNDA:0,(anonymous_8)
FNDA:0,(anonymous_9)
FNDA:0,(anonymous_10)
FNDA:0,(anonymous_11)
FNDA:0,(anonymous_12)
FNDA:0,(anonymous_13)
FNDA:0,(anonymous_14)
FNDA:0,(anonymous_15)
FNDA:0,(anonymous_16)
FNDA:0,(anonymous_17)
FNDA:0,(anonymous_18)
FNDA:0,(anonymous_19)
FNDA:0,(anonymous_20)
FNDA:0,(anonymous_21)
DA:3,0
DA:4,0
DA:5,0
DA:6,0
DA:7,0
DA:8,0
DA:9,0
DA:10,0
DA:11,0
DA:12,0
DA:21,0
DA:38,0
DA:39,0
DA:40,0
DA:41,0
DA:42,0
DA:44,0
DA:45,0
DA:64,0
DA:72,0
DA:73,0
DA:74,0
DA:75,0
DA:76,0
DA:77,0
DA:78,0
DA:79,0
DA:80,0
DA:83,0
DA:84,0
DA:85,0
DA:86,0
DA:87,0
DA:88,0
DA:90,0
DA:91,0
DA:93,0
DA:96,0
DA:97,0
DA:99,0
DA:103,0
DA:106,0
DA:107,0
DA:110,0
DA:111,0
DA:114,0
DA:115,0
DA:116,0
DA:117,0
DA:120,0
DA:121,0
DA:123,0
DA:124,0
DA:125,0
DA:126,0
DA:127,0
DA:128,0
DA:131,0
DA:132,0
DA:133,0
DA:135,0
DA:137,0
DA:138,0
DA:142,0
DA:143,0
DA:146,0
DA:147,0
DA:148,0
DA:149,0
DA:152,0
DA:159,0
DA:165,0
DA:169,0
DA:170,0
DA:177,0
DA:178,0
DA:179,0
DA:181,0
DA:208,0
DA:235,0
DA:240,0
DA:309,0
DA:310,0
DA:323,0
DA:330,0
DA:338,0
DA:436,0
LF:87
LH:0
BRDA:90,0,0,0
BRDA:90,0,1,0
BRDA:115,1,0,0
BRDA:115,1,1,0
BRDA:121,2,0,0
BRDA:121,2,1,0
BRDA:121,3,0,0
BRDA:121,3,1,0
BRDA:137,4,0,0
BRDA:137,4,1,0
BRDA:148,5,0,0
BRDA:148,5,1,0
BRDA:154,6,0,0
BRDA:154,6,1,0
BRDA:178,7,0,0
BRDA:178,7,1,0
BRDA:178,8,0,0
BRDA:178,8,1,0
BRDA:181,9,0,0
BRDA:181,9,1,0
BRDA:203,10,0,0
BRDA:203,10,1,0
BRDA:211,11,0,0
BRDA:232,12,0,0
BRDA:238,13,0,0
BRDA:238,13,1,0
BRDA:257,14,0,0
BRDA:257,14,1,0
BRDA:258,15,0,0
BRDA:258,15,1,0
BRDA:298,16,0,0
BRDA:298,16,1,0
BRDA:302,17,0,0
BRDA:302,17,1,0
BRDA:309,18,0,0
BRDA:309,18,1,0
BRDA:321,19,0,0
BRDA:327,20,0,0
BRDA:332,21,0,0
BRDA:332,21,1,0
BRDA:335,22,0,0
BRDA:335,22,1,0
BRDA:337,23,0,0
BRDA:337,23,1,0
BRDA:356,24,0,0
BRDA:390,25,0,0
BRDA:440,26,0,0
BRDA:440,26,1,0
BRF:48
BRH:0
end_of_record
TN:
SF:components\dashboard\court-filters.tsx
FN:47,CourtFilters
FN:65,(anonymous_2)
FN:66,(anonymous_3)
FN:69,(anonymous_4)
FN:71,(anonymous_5)
FN:78,(anonymous_6)
FN:79,(anonymous_7)
FN:82,(anonymous_8)
FN:93,(anonymous_9)
FN:101,(anonymous_10)
FN:106,(anonymous_11)
FN:126,(anonymous_12)
FN:139,(anonymous_13)
FN:146,(anonymous_14)
FN:160,(anonymous_15)
FN:167,(anonymous_16)
FN:201,(anonymous_17)
FN:217,(anonymous_18)
FN:226,(anonymous_19)
FN:239,(anonymous_20)
FN:247,(anonymous_21)
FN:255,(anonymous_22)
FN:256,(anonymous_23)
FN:309,(anonymous_24)
FN:314,(anonymous_25)
FNF:25
FNH:0
FNDA:0,CourtFilters
FNDA:0,(anonymous_2)
FNDA:0,(anonymous_3)
FNDA:0,(anonymous_4)
FNDA:0,(anonymous_5)
FNDA:0,(anonymous_6)
FNDA:0,(anonymous_7)
FNDA:0,(anonymous_8)
FNDA:0,(anonymous_9)
FNDA:0,(anonymous_10)
FNDA:0,(anonymous_11)
FNDA:0,(anonymous_12)
FNDA:0,(anonymous_13)
FNDA:0,(anonymous_14)
FNDA:0,(anonymous_15)
FNDA:0,(anonymous_16)
FNDA:0,(anonymous_17)
FNDA:0,(anonymous_18)
FNDA:0,(anonymous_19)
FNDA:0,(anonymous_20)
FNDA:0,(anonymous_21)
FNDA:0,(anonymous_22)
FNDA:0,(anonymous_23)
FNDA:0,(anonymous_24)
FNDA:0,(anonymous_25)
DA:8,0
DA:9,0
DA:10,0
DA:11,0
DA:12,0
DA:13,0
DA:14,0
DA:15,0
DA:16,0
DA:17,0
DA:18,0
DA:19,0
DA:20,0
DA:31,0
DA:39,0
DA:47,0
DA:48,0
DA:49,0
DA:50,0
DA:52,0
DA:59,0
DA:63,0
DA:65,0
DA:66,0
DA:69,0
DA:70,0
DA:71,0
DA:75,0
DA:78,0
DA:79,0
DA:80,0
DA:82,0
DA:83,0
DA:84,0
DA:88,0
DA:89,0
DA:93,0
DA:94,0
DA:100,0
DA:101,0
DA:102,0
DA:106,0
DA:126,0
DA:139,0
DA:147,0
DA:160,0
DA:168,0
DA:201,0
DA:217,0
DA:227,0
DA:228,0
DA:229,0
DA:239,0
DA:247,0
DA:256,0
DA:309,0
DA:314,0
LF:57
LH:0
BRDA:47,0,0,0
BRDA:53,1,0,0
BRDA:53,1,1,0
BRDA:54,2,0,0
BRDA:54,2,1,0
BRDA:55,3,0,0
BRDA:55,3,1,0
BRDA:56,4,0,0
BRDA:56,4,1,0
BRDA:60,5,0,0
BRDA:60,5,1,0
BRDA:73,6,0,0
BRDA:73,6,1,0
BRDA:83,7,0,0
BRDA:83,7,1,0
BRDA:89,8,0,0
BRDA:89,8,1,0
BRDA:185,9,0,0
BRDA:185,9,1,0
BRDA:189,10,0,0
BRDA:189,10,1,0
BRDA:274,11,0,0
BRDA:286,12,0,0
BRDA:299,13,0,0
BRDA:302,14,0,0
BRDA:307,15,0,0
BRDA:312,16,0,0
BRDA:317,17,0,0
BRF:28
BRH:0
end_of_record
TN:
SF:components\dashboard\featured-courts.tsx
FN:33,FeaturedCourts
FN:36,(anonymous_3)
FN:37,(anonymous_4)
FN:40,(anonymous_5)
FN:47,(anonymous_6)
FN:58,(anonymous_7)
FN:103,(anonymous_8)
FN:112,(anonymous_9)
FNF:8
FNH:0
FNDA:0,FeaturedCourts
FNDA:0,(anonymous_3)
FNDA:0,(anonymous_4)
FNDA:0,(anonymous_5)
FNDA:0,(anonymous_6)
FNDA:0,(anonymous_7)
FNDA:0,(anonymous_8)
FNDA:0,(anonymous_9)
DA:8,0
DA:9,0
DA:10,0
DA:11,0
DA:12,0
DA:13,0
DA:14,0
DA:24,0
DA:33,0
DA:34,0
DA:36,0
DA:37,0
DA:40,0
DA:41,0
DA:42,0
DA:44,0
DA:47,0
DA:48,0
DA:55,0
DA:58,0
DA:59,0
DA:66,0
DA:104,0
DA:112,0
LF:24
LH:0
BRDA:41,0,0,0
BRDA:41,0,1,0
BRDA:41,1,0,0
BRDA:41,1,1,0
BRDA:41,1,2,0
BRDA:55,2,0,0
BRDA:55,2,1,0
BRDA:66,3,0,0
BRDA:66,3,1,0
BRDA:73,4,0,0
BRDA:73,4,1,0
BRDA:76,5,0,0
BRDA:76,5,1,0
BRDA:81,6,0,0
BRDA:93,7,0,0
BRDA:96,8,0,0
BRDA:96,8,1,0
BRDA:96,9,0,0
BRDA:96,9,1,0
BRDA:119,10,0,0
BRDA:119,10,1,0
BRDA:120,11,0,0
BRDA:120,11,1,0
BRDA:126,12,0,0
BRDA:185,13,0,0
BRDA:216,14,0,0
BRDA:245,15,0,0
BRDA:255,16,0,0
BRDA:255,16,1,0
BRF:29
BRH:0
end_of_record
TN:
SF:components\dashboard\hero-section.tsx
FN:20,HeroSection
FN:23,(anonymous_3)
FN:82,(anonymous_4)
FNF:3
FNH:0
FNDA:0,HeroSection
FNDA:0,(anonymous_3)
FNDA:0,(anonymous_4)
DA:8,0
DA:9,0
DA:10,0
DA:11,0
DA:12,0
DA:13,0
DA:20,0
DA:21,0
DA:23,0
DA:24,0
DA:25,0
DA:26,0
DA:82,0
LF:13
LH:0
BRDA:25,0,0,0
BRDA:25,0,1,0
BRDA:44,1,0,0
BRDA:43,2,0,0
BRDA:43,2,1,0
BRDA:97,3,0,0
BRF:6
BRH:0
end_of_record
TN:
SF:components\error\api-error.tsx
FN:26,ApiError
FN:42,(anonymous_7)
FN:43,(anonymous_8)
FN:44,(anonymous_9)
FN:49,(anonymous_10)
FN:56,(anonymous_11)
FN:59,(anonymous_12)
FN:67,(anonymous_13)
FN:70,(anonymous_14)
FN:164,(anonymous_15)
FN:248,(anonymous_16)
FN:270,(anonymous_17)
FN:300,useApiError
FN:304,(anonymous_19)
FN:310,(anonymous_20)
FN:311,(anonymous_21)
FN:323,(anonymous_22)
FNF:17
FNH:0
FNDA:0,ApiError
FNDA:0,(anonymous_7)
FNDA:0,(anonymous_8)
FNDA:0,(anonymous_9)
FNDA:0,(anonymous_10)
FNDA:0,(anonymous_11)
FNDA:0,(anonymous_12)
FNDA:0,(anonymous_13)
FNDA:0,(anonymous_14)
FNDA:0,(anonymous_15)
FNDA:0,(anonymous_16)
FNDA:0,(anonymous_17)
FNDA:0,useApiError
FNDA:0,(anonymous_19)
FNDA:0,(anonymous_20)
FNDA:0,(anonymous_21)
FNDA:0,(anonymous_22)
DA:8,0
DA:9,0
DA:10,0
DA:11,0
DA:12,0
DA:13,0
DA:14,0
DA:26,0
DA:35,0
DA:36,0
DA:37,0
DA:39,0
DA:42,0
DA:43,0
DA:44,0
DA:46,0
DA:47,0
DA:49,0
DA:50,0
DA:51,0
DA:56,0
DA:57,0
DA:59,0
DA:60,0
DA:61,0
DA:63,0
DA:67,0
DA:70,0
DA:77,0
DA:79,0
DA:80,0
DA:93,0
DA:94,0
DA:107,0
DA:108,0
DA:121,0
DA:122,0
DA:135,0
DA:136,0
DA:149,0
DA:162,0
DA:164,0
DA:165,0
DA:167,0
DA:168,0
DA:169,0
DA:171,0
DA:173,0
DA:177,0
DA:178,0
DA:248,0
DA:271,0
DA:300,0
DA:301,0
DA:302,0
DA:304,0
DA:305,0
DA:306,0
DA:307,0
DA:310,0
DA:311,0
DA:312,0
DA:313,0
DA:314,0
DA:315,0
DA:316,0
DA:318,0
DA:319,0
DA:323,0
DA:324,0
DA:325,0
DA:328,0
LF:72
LH:0
BRDA:29,0,0,0
BRDA:30,1,0,0
BRDA:31,2,0,0
BRDA:32,3,0,0
BRDA:39,4,0,0
BRDA:39,4,1,0
BRDA:57,5,0,0
BRDA:57,5,1,0
BRDA:57,6,0,0
BRDA:57,6,1,0
BRDA:57,6,2,0
BRDA:60,7,0,0
BRDA:60,7,1,0
BRDA:79,8,0,0
BRDA:79,8,1,0
BRDA:93,9,0,0
BRDA:93,9,1,0
BRDA:93,10,0,0
BRDA:93,10,1,0
BRDA:107,11,0,0
BRDA:107,11,1,0
BRDA:107,12,0,0
BRDA:107,12,1,0
BRDA:121,13,0,0
BRDA:121,13,1,0
BRDA:121,14,0,0
BRDA:121,14,1,0
BRDA:135,15,0,0
BRDA:135,15,1,0
BRDA:135,16,0,0
BRDA:135,16,1,0
BRDA:165,17,0,0
BRDA:165,17,1,0
BRDA:165,18,0,0
BRDA:165,18,1,0
BRDA:177,19,0,0
BRDA:177,19,1,0
BRDA:177,19,2,0
BRDA:178,20,0,0
BRDA:178,20,1,0
BRDA:199,21,0,0
BRDA:210,22,0,0
BRDA:223,23,0,0
BRDA:223,23,1,0
BRDA:235,24,0,0
BRDA:241,25,0,0
BRDA:241,25,1,0
BRDA:242,26,0,0
BRDA:242,26,1,0
BRDA:257,27,0,0
BRDA:260,28,0,0
BRDA:260,28,1,0
BRDA:278,29,0,0
BRDA:305,30,0,0
BRDA:305,30,1,0
BRF:55
BRH:0
end_of_record
TN:
SF:components\error\error-boundary.tsx
FN:39,DefaultErrorFallback
FN:48,(anonymous_5)
FN:77,(anonymous_6)
FN:103,(anonymous_7)
FN:119,(anonymous_8)
FN:120,(anonymous_9)
FN:152,(anonymous_10)
FN:166,(anonymous_11)
FN:231,(anonymous_12)
FN:253,(anonymous_13)
FN:307,(anonymous_14)
FN:258,(anonymous_15)
FN:268,(anonymous_16)
FN:285,(anonymous_17)
FN:324,(anonymous_18)
FN:344,useErrorHandler
FN:345,(anonymous_20)
FNF:17
FNH:0
FNDA:0,DefaultErrorFallback
FNDA:0,(anonymous_5)
FNDA:0,(anonymous_6)
FNDA:0,(anonymous_7)
FNDA:0,(anonymous_8)
FNDA:0,(anonymous_9)
FNDA:0,(anonymous_10)
FNDA:0,(anonymous_11)
FNDA:0,(anonymous_12)
FNDA:0,(anonymous_13)
FNDA:0,(anonymous_14)
FNDA:0,(anonymous_15)
FNDA:0,(anonymous_16)
FNDA:0,(anonymous_17)
FNDA:0,(anonymous_18)
FNDA:0,useErrorHandler
FNDA:0,(anonymous_20)
DA:8,0
DA:9,0
DA:10,0
DA:11,0
DA:12,0
DA:13,0
DA:46,0
DA:48,0
DA:49,0
DA:50,0
DA:53,0
DA:54,0
DA:58,0
DA:59,0
DA:63,0
DA:64,0
DA:68,0
DA:69,0
DA:72,0
DA:75,0
DA:77,0
DA:78,0
DA:80,0
DA:81,0
DA:88,0
DA:89,0
DA:96,0
DA:103,0
DA:104,0
DA:115,0
DA:118,0
DA:119,0
DA:120,0
DA:152,0
DA:167,0
DA:231,0
DA:249,0
DA:254,0
DA:255,0
DA:259,0
DA:260,0
DA:269,0
DA:272,0
DA:275,0
DA:276,0
DA:280,0
DA:281,0
DA:287,0
DA:304,0
DA:308,0
DA:310,0
DA:311,0
DA:320,0
DA:325,0
DA:326,0
DA:339,0
DA:344,0
DA:345,0
DA:346,0
DA:349,0
DA:354,0
LF:61
LH:0
BRDA:50,0,0,0
BRDA:50,0,1,0
BRDA:53,1,0,0
BRDA:53,1,1,0
BRDA:53,2,0,0
BRDA:53,2,1,0
BRDA:53,2,2,0
BRDA:58,3,0,0
BRDA:58,3,1,0
BRDA:58,4,0,0
BRDA:58,4,1,0
BRDA:58,4,2,0
BRDA:63,5,0,0
BRDA:63,5,1,0
BRDA:63,6,0,0
BRDA:63,6,1,0
BRDA:63,6,2,0
BRDA:68,7,0,0
BRDA:68,7,1,0
BRDA:68,8,0,0
BRDA:68,8,1,0
BRDA:68,8,2,0
BRDA:80,9,0,0
BRDA:80,9,1,0
BRDA:80,10,0,0
BRDA:80,10,1,0
BRDA:88,11,0,0
BRDA:88,11,1,0
BRDA:88,12,0,0
BRDA:88,12,1,0
BRDA:174,13,0,0
BRDA:191,14,0,0
BRDA:199,15,0,0
BRDA:310,16,0,0
BRDA:310,16,1,0
BRDA:275,17,0,0
BRDA:275,17,1,0
BRDA:280,18,0,0
BRDA:280,18,1,0
BRDA:325,19,0,0
BRDA:325,19,1,0
BRDA:325,20,0,0
BRDA:325,20,1,0
BRDA:325,20,2,0
BRDA:325,20,3,0
BRDA:326,21,0,0
BRDA:326,21,1,0
BRDA:346,22,0,0
BRDA:346,22,1,0
BRDA:349,23,0,0
BRDA:349,23,1,0
BRF:51
BRH:0
end_of_record
TN:
SF:components\error\loading-error.tsx
FN:35,LoadingError
FN:50,(anonymous_10)
FN:58,(anonymous_11)
FN:63,(anonymous_12)
FN:64,(anonymous_13)
FN:67,(anonymous_14)
FN:75,(anonymous_15)
FN:115,(anonymous_16)
FN:161,(anonymous_17)
FN:209,LoadingSkeleton
FN:231,LoadingSpinner
FN:247,AsyncWrapper
FN:250,(anonymous_21)
FN:251,(anonymous_22)
FN:258,(anonymous_23)
FN:277,useLoadingState
FN:281,(anonymous_25)
FN:297,(anonymous_26)
FNF:18
FNH:0
FNDA:0,LoadingError
FNDA:0,(anonymous_10)
FNDA:0,(anonymous_11)
FNDA:0,(anonymous_12)
FNDA:0,(anonymous_13)
FNDA:0,(anonymous_14)
FNDA:0,(anonymous_15)
FNDA:0,(anonymous_16)
FNDA:0,(anonymous_17)
FNDA:0,LoadingSkeleton
FNDA:0,LoadingSpinner
FNDA:0,AsyncWrapper
FNDA:0,(anonymous_21)
FNDA:0,(anonymous_22)
FNDA:0,(anonymous_23)
FNDA:0,useLoadingState
FNDA:0,(anonymous_25)
FNDA:0,(anonymous_26)
DA:8,0
DA:9,0
DA:10,0
DA:11,0
DA:12,0
DA:13,0
DA:14,0
DA:35,0
DA:46,0
DA:47,0
DA:50,0
DA:51,0
DA:52,0
DA:53,0
DA:54,0
DA:58,0
DA:59,0
DA:63,0
DA:64,0
DA:67,0
DA:68,0
DA:69,0
DA:73,0
DA:75,0
DA:76,0
DA:77,0
DA:78,0
DA:79,0
DA:84,0
DA:85,0
DA:115,0
DA:128,0
DA:161,0
DA:178,0
DA:209,0
DA:231,0
DA:232,0
DA:247,0
DA:248,0
DA:250,0
DA:251,0
DA:252,0
DA:253,0
DA:254,0
DA:258,0
DA:261,0
DA:277,0
DA:278,0
DA:279,0
DA:281,0
DA:282,0
DA:283,0
DA:285,0
DA:286,0
DA:287,0
DA:288,0
DA:290,0
DA:291,0
DA:292,0
DA:293,0
DA:297,0
DA:298,0
DA:299,0
DA:302,0
LF:64
LH:0
BRDA:39,0,0,0
BRDA:40,1,0,0
BRDA:43,2,0,0
BRDA:51,3,0,0
BRDA:51,3,1,0
BRDA:78,4,0,0
BRDA:78,4,1,0
BRDA:84,5,0,0
BRDA:84,5,1,0
BRDA:84,6,0,0
BRDA:84,6,1,0
BRDA:85,7,0,0
BRDA:85,7,1,0
BRDA:107,8,0,0
BRDA:128,9,0,0
BRDA:128,9,1,0
BRDA:128,10,0,0
BRDA:128,10,1,0
BRDA:178,11,0,0
BRDA:178,11,1,0
BRDA:181,12,0,0
BRDA:188,13,0,0
BRDA:188,13,1,0
BRDA:231,14,0,0
BRDA:241,15,0,0
BRDA:247,16,0,0
BRDA:253,17,0,0
BRDA:253,17,1,0
BRDA:261,18,0,0
BRDA:261,18,1,0
BRDA:273,19,0,0
BRDA:273,19,1,0
BRDA:277,20,0,0
BRDA:290,21,0,0
BRDA:290,21,1,0
BRF:35
BRH:0
end_of_record
TN:
SF:components\notifications\notification-bell.tsx
FN:27,NotificationBell
FN:40,(anonymous_5)
FN:57,(anonymous_6)
FN:66,(anonymous_7)
FN:116,(anonymous_8)
FN:129,(anonymous_9)
FN:150,(anonymous_10)
FN:158,(anonymous_11)
FN:181,(anonymous_12)
FN:217,(anonymous_13)
FNF:10
FNH:0
FNDA:0,NotificationBell
FNDA:0,(anonymous_5)
FNDA:0,(anonymous_6)
FNDA:0,(anonymous_7)
FNDA:0,(anonymous_8)
FNDA:0,(anonymous_9)
FNDA:0,(anonymous_10)
FNDA:0,(anonymous_11)
FNDA:0,(anonymous_12)
FNDA:0,(anonymous_13)
DA:8,0
DA:9,0
DA:10,0
DA:11,0
DA:19,0
DA:20,0
DA:21,0
DA:22,0
DA:23,0
DA:25,0
DA:27,0
DA:36,0
DA:38,0
DA:40,0
DA:41,0
DA:57,0
DA:58,0
DA:59,0
DA:60,0
DA:61,0
DA:62,0
DA:66,0
DA:67,0
DA:68,0
DA:71,0
DA:72,0
DA:76,0
DA:117,0
DA:118,0
DA:130,0
DA:131,0
DA:151,0
DA:158,0
DA:182,0
DA:183,0
DA:217,0
LF:36
LH:0
BRDA:58,0,0,0
BRDA:58,0,1,0
BRDA:58,0,2,0
BRDA:58,0,3,0
BRDA:67,1,0,0
BRDA:67,1,1,0
BRDA:71,2,0,0
BRDA:71,2,1,0
BRDA:85,3,0,0
BRDA:85,3,1,0
BRDA:89,4,0,0
BRDA:89,4,1,0
BRDA:91,5,0,0
BRDA:96,6,0,0
BRDA:96,6,1,0
BRDA:103,7,0,0
BRDA:103,7,1,0
BRDA:112,8,0,0
BRDA:125,9,0,0
BRDA:144,10,0,0
BRDA:155,11,0,0
BRDA:155,11,1,0
BRDA:169,12,0,0
BRDA:169,12,1,0
BRDA:175,13,0,0
BRDA:209,14,0,0
BRDA:230,15,0,0
BRDA:230,15,1,0
BRDA:232,16,0,0
BRDA:232,16,1,0
BRF:30
BRH:0
end_of_record
TN:
SF:components\notifications\notification-center.tsx
FN:40,NotificationCenter
FN:60,(anonymous_5)
FN:77,(anonymous_6)
FN:86,(anonymous_7)
FN:97,(anonymous_8)
FN:110,(anonymous_9)
FN:111,(anonymous_10)
FN:139,(anonymous_11)
FN:162,(anonymous_12)
FN:164,(anonymous_13)
FN:170,(anonymous_14)
FN:180,(anonymous_15)
FN:181,(anonymous_16)
FN:186,(anonymous_17)
FN:187,(anonymous_18)
FN:192,(anonymous_19)
FN:245,(anonymous_20)
FN:287,(anonymous_21)
FN:323,(anonymous_22)
FN:359,(anonymous_23)
FN:373,(anonymous_24)
FN:376,(anonymous_25)
FN:385,(anonymous_26)
FN:429,(anonymous_27)
FN:454,(anonymous_28)
FN:454,(anonymous_29)
FN:467,(anonymous_30)
FN:467,(anonymous_31)
FNF:28
FNH:0
FNDA:0,NotificationCenter
FNDA:0,(anonymous_5)
FNDA:0,(anonymous_6)
FNDA:0,(anonymous_7)
FNDA:0,(anonymous_8)
FNDA:0,(anonymous_9)
FNDA:0,(anonymous_10)
FNDA:0,(anonymous_11)
FNDA:0,(anonymous_12)
FNDA:0,(anonymous_13)
FNDA:0,(anonymous_14)
FNDA:0,(anonymous_15)
FNDA:0,(anonymous_16)
FNDA:0,(anonymous_17)
FNDA:0,(anonymous_18)
FNDA:0,(anonymous_19)
FNDA:0,(anonymous_20)
FNDA:0,(anonymous_21)
FNDA:0,(anonymous_22)
FNDA:0,(anonymous_23)
FNDA:0,(anonymous_24)
FNDA:0,(anonymous_25)
FNDA:0,(anonymous_26)
FNDA:0,(anonymous_27)
FNDA:0,(anonymous_28)
FNDA:0,(anonymous_29)
FNDA:0,(anonymous_30)
FNDA:0,(anonymous_31)
DA:8,0
DA:23,0
DA:24,0
DA:25,0
DA:26,0
DA:27,0
DA:28,0
DA:29,0
DA:30,0
DA:31,0
DA:32,0
DA:34,0
DA:40,0
DA:48,0
DA:50,0
DA:51,0
DA:52,0
DA:53,0
DA:54,0
DA:55,0
DA:56,0
DA:57,0
DA:58,0
DA:60,0
DA:61,0
DA:77,0
DA:78,0
DA:79,0
DA:80,0
DA:81,0
DA:82,0
DA:86,0
DA:87,0
DA:88,0
DA:89,0
DA:90,0
DA:91,0
DA:92,0
DA:93,0
DA:97,0
DA:98,0
DA:100,0
DA:101,0
DA:102,0
DA:103,0
DA:105,0
DA:110,0
DA:111,0
DA:113,0
DA:114,0
DA:116,0
DA:118,0
DA:122,0
DA:123,0
DA:127,0
DA:128,0
DA:131,0
DA:132,0
DA:135,0
DA:139,0
DA:140,0
DA:142,0
DA:143,0
DA:144,0
DA:145,0
DA:146,0
DA:149,0
DA:152,0
DA:156,0
DA:157,0
DA:162,0
DA:163,0
DA:164,0
DA:166,0
DA:170,0
DA:171,0
DA:172,0
DA:173,0
DA:175,0
DA:177,0
DA:180,0
DA:181,0
DA:182,0
DA:183,0
DA:186,0
DA:187,0
DA:188,0
DA:189,0
DA:192,0
DA:193,0
DA:194,0
DA:197,0
DA:198,0
DA:245,0
DA:288,0
DA:289,0
DA:290,0
DA:323,0
DA:360,0
DA:374,0
DA:376,0
DA:385,0
DA:430,0
DA:431,0
DA:454,0
DA:467,0
LF:106
LH:0
BRDA:78,0,0,0
BRDA:78,0,1,0
BRDA:78,0,2,0
BRDA:78,0,3,0
BRDA:87,1,0,0
BRDA:87,1,1,0
BRDA:87,1,2,0
BRDA:87,1,3,0
BRDA:87,1,4,0
BRDA:87,1,5,0
BRDA:100,2,0,0
BRDA:100,2,1,0
BRDA:102,3,0,0
BRDA:102,3,1,0
BRDA:113,4,0,0
BRDA:113,4,1,0
BRDA:116,5,0,0
BRDA:116,5,1,0
BRDA:118,6,0,0
BRDA:118,6,1,0
BRDA:122,7,0,0
BRDA:122,7,1,0
BRDA:122,8,0,0
BRDA:122,8,1,0
BRDA:127,9,0,0
BRDA:127,9,1,0
BRDA:127,10,0,0
BRDA:127,10,1,0
BRDA:128,11,0,0
BRDA:128,11,1,0
BRDA:128,12,0,0
BRDA:128,12,1,0
BRDA:131,13,0,0
BRDA:131,13,1,0
BRDA:131,14,0,0
BRDA:131,14,1,0
BRDA:142,15,0,0
BRDA:142,15,1,0
BRDA:144,16,0,0
BRDA:144,16,1,0
BRDA:149,17,0,0
BRDA:149,17,1,0
BRDA:163,18,0,0
BRDA:163,18,1,0
BRDA:172,19,0,0
BRDA:172,19,1,0
BRDA:193,20,0,0
BRDA:193,20,1,0
BRDA:197,21,0,0
BRDA:197,21,1,0
BRDA:209,22,0,0
BRDA:209,22,1,0
BRDA:210,23,0,0
BRDA:210,23,1,0
BRDA:215,24,0,0
BRDA:221,25,0,0
BRDA:307,26,0,0
BRDA:312,27,0,0
BRDA:312,27,1,0
BRDA:312,28,0,0
BRDA:312,28,1,0
BRDA:335,29,0,0
BRDA:341,30,0,0
BRDA:341,30,1,0
BRDA:341,31,0,0
BRDA:341,31,1,0
BRDA:341,31,2,0
BRDA:341,31,3,0
BRDA:364,32,0,0
BRDA:364,32,1,0
BRDA:365,33,0,0
BRDA:365,33,1,0
BRDA:366,34,0,0
BRDA:366,34,1,0
BRDA:391,35,0,0
BRDA:391,35,1,0
BRDA:395,36,0,0
BRDA:402,37,0,0
BRDA:402,37,1,0
BRDA:403,38,0,0
BRDA:403,38,1,0
BRDA:404,39,0,0
BRDA:404,39,1,0
BRDA:423,40,0,0
BRDA:451,41,0,0
BRF:85
BRH:0
end_of_record
TN:
SF:components\notifications\notification-demo.tsx
FN:21,NotificationDemo
FN:69,(anonymous_5)
FN:89,(anonymous_6)
FN:109,(anonymous_7)
FN:118,(anonymous_8)
FN:144,(anonymous_9)
FN:181,(anonymous_10)
FN:209,(anonymous_11)
FNF:8
FNH:0
FNDA:0,NotificationDemo
FNDA:0,(anonymous_5)
FNDA:0,(anonymous_6)
FNDA:0,(anonymous_7)
FNDA:0,(anonymous_8)
FNDA:0,(anonymous_9)
FNDA:0,(anonymous_10)
FNDA:0,(anonymous_11)
DA:8,0
DA:9,0
DA:10,0
DA:11,0
DA:12,0
DA:13,0
DA:14,0
DA:15,0
DA:21,0
DA:22,0
DA:23,0
DA:26,0
DA:69,0
DA:70,0
DA:79,0
DA:82,0
DA:89,0
DA:90,0
DA:96,0
DA:102,0
DA:109,0
DA:110,0
DA:118,0
DA:119,0
DA:120,0
DA:121,0
DA:122,0
DA:123,0
DA:144,0
DA:182,0
DA:209,0
LF:31
LH:0
BRDA:119,0,0,0
BRDA:119,0,1,0
BRDA:119,0,2,0
BRDA:119,0,3,0
BRDA:197,1,0,0
BRDA:197,1,1,0
BRDA:198,2,0,0
BRDA:198,2,1,0
BRDA:199,3,0,0
BRDA:199,3,1,0
BRF:10
BRH:0
end_of_record
TN:
SF:components\notifications\notification-provider.tsx
FN:28,NotificationProvider
FN:35,(anonymous_8)
FN:44,(anonymous_9)
FN:52,(anonymous_10)
FN:67,(anonymous_11)
FN:69,(anonymous_12)
FN:70,(anonymous_13)
FN:72,(anonymous_14)
FN:88,(anonymous_15)
FN:95,(anonymous_16)
FN:101,(anonymous_17)
FN:112,(anonymous_18)
FN:117,(anonymous_19)
FN:118,(anonymous_20)
FN:127,(anonymous_21)
FN:131,(anonymous_22)
FN:132,(anonymous_23)
FN:136,(anonymous_24)
FN:137,(anonymous_25)
FN:141,(anonymous_26)
FN:146,(anonymous_27)
FN:147,(anonymous_28)
FN:152,(anonymous_29)
FN:155,(anonymous_30)
FN:161,(anonymous_31)
FN:172,(anonymous_32)
FN:191,useNotifications
FN:200,useNotificationActions
FN:203,(anonymous_35)
FNF:29
FNH:1
FNDA:84,NotificationProvider
FNDA:0,(anonymous_8)
FNDA:0,(anonymous_9)
FNDA:0,(anonymous_10)
FNDA:0,(anonymous_11)
FNDA:0,(anonymous_12)
FNDA:0,(anonymous_13)
FNDA:0,(anonymous_14)
FNDA:0,(anonymous_15)
FNDA:0,(anonymous_16)
FNDA:0,(anonymous_17)
FNDA:0,(anonymous_18)
FNDA:0,(anonymous_19)
FNDA:0,(anonymous_20)
FNDA:0,(anonymous_21)
FNDA:0,(anonymous_22)
FNDA:0,(anonymous_23)
FNDA:0,(anonymous_24)
FNDA:0,(anonymous_25)
FNDA:0,(anonymous_26)
FNDA:0,(anonymous_27)
FNDA:0,(anonymous_28)
FNDA:0,(anonymous_29)
FNDA:0,(anonymous_30)
FNDA:0,(anonymous_31)
FNDA:0,(anonymous_32)
FNDA:0,useNotifications
FNDA:0,useNotificationActions
FNDA:0,(anonymous_35)
DA:8,1
DA:9,1
DA:19,1
DA:20,1
DA:22,1
DA:28,21
DA:29,84
DA:30,0
DA:31,0
DA:32,0
DA:35,0
DA:36,0
DA:37,0
DA:38,0
DA:41,0
DA:44,0
DA:45,0
DA:46,0
DA:48,0
DA:52,0
DA:53,0
DA:57,0
DA:58,0
DA:59,0
DA:61,0
DA:62,0
DA:67,0
DA:68,0
DA:69,0
DA:70,0
DA:72,0
DA:73,0
DA:79,0
DA:82,0
DA:85,0
DA:88,0
DA:89,0
DA:90,0
DA:91,0
DA:95,0
DA:96,0
DA:101,0
DA:102,0
DA:104,0
DA:105,0
DA:106,0
DA:108,0
DA:112,0
DA:113,0
DA:115,0
DA:116,0
DA:117,0
DA:118,0
DA:119,0
DA:127,0
DA:128,0
DA:131,0
DA:132,0
DA:134,0
DA:136,0
DA:137,0
DA:141,0
DA:142,0
DA:144,0
DA:145,0
DA:146,0
DA:147,0
DA:152,0
DA:153,0
DA:155,0
DA:156,0
DA:158,0
DA:161,0
DA:162,0
DA:164,0
DA:172,0
DA:174,0
DA:191,0
DA:192,0
DA:193,0
DA:194,0
DA:196,0
DA:200,0
DA:201,0
DA:203,0
DA:208,0
DA:219,0
DA:221,0
DA:229,0
LF:89
LH:7
BRDA:36,0,0,0
BRDA:36,0,1,0
BRDA:36,1,0,0
BRDA:36,1,1,0
BRDA:45,2,0,0
BRDA:45,2,1,0
BRDA:57,3,0,0
BRDA:57,3,1,0
BRDA:68,4,0,0
BRDA:68,4,1,0
BRDA:68,5,0,0
BRDA:68,5,1,0
BRDA:68,5,2,0
BRDA:73,6,0,0
BRDA:73,6,1,0
BRDA:90,7,0,0
BRDA:90,7,1,0
BRDA:102,8,0,0
BRDA:102,8,1,0
BRDA:113,9,0,0
BRDA:113,9,1,0
BRDA:116,10,0,0
BRDA:116,10,1,0
BRDA:119,11,0,0
BRDA:119,11,1,0
BRDA:128,12,0,0
BRDA:128,12,1,0
BRDA:142,13,0,0
BRDA:142,13,1,0
BRDA:145,14,0,0
BRDA:145,14,1,0
BRDA:153,15,0,0
BRDA:153,15,1,0
BRDA:162,16,0,0
BRDA:162,16,1,0
BRDA:168,17,0,0
BRDA:168,17,1,0
BRDA:193,18,0,0
BRDA:193,18,1,0
BRDA:206,19,0,0
BRDA:224,20,0,0
BRDA:224,20,1,0
BRDA:225,21,0,0
BRDA:225,21,1,0
BRF:44
BRH:0
end_of_record
TN:
SF:components\reservations\my-reservations.tsx
FN:32,MyReservations
FN:37,(anonymous_3)
FN:67,(anonymous_4)
FN:97,(anonymous_5)
FN:107,(anonymous_6)
FN:115,(anonymous_7)
FN:138,(anonymous_8)
FN:150,(anonymous_9)
FN:161,(anonymous_10)
FN:185,(anonymous_11)
FN:252,(anonymous_12)
FN:280,(anonymous_13)
FN:305,(anonymous_14)
FN:309,(anonymous_15)
FN:346,(anonymous_16)
FN:351,(anonymous_17)
FN:383,(anonymous_18)
FN:388,(anonymous_19)
FNF:18
FNH:0
FNDA:0,MyReservations
FNDA:0,(anonymous_3)
FNDA:0,(anonymous_4)
FNDA:0,(anonymous_5)
FNDA:0,(anonymous_6)
FNDA:0,(anonymous_7)
FNDA:0,(anonymous_8)
FNDA:0,(anonymous_9)
FNDA:0,(anonymous_10)
FNDA:0,(anonymous_11)
FNDA:0,(anonymous_12)
FNDA:0,(anonymous_13)
FNDA:0,(anonymous_14)
FNDA:0,(anonymous_15)
FNDA:0,(anonymous_16)
FNDA:0,(anonymous_17)
FNDA:0,(anonymous_18)
FNDA:0,(anonymous_19)
DA:3,0
DA:4,0
DA:5,0
DA:6,0
DA:7,0
DA:8,0
DA:19,0
DA:20,0
DA:21,0
DA:22,0
DA:23,0
DA:24,0
DA:32,0
DA:33,0
DA:34,0
DA:35,0
DA:37,0
DA:38,0
DA:39,0
DA:40,0
DA:42,0
DA:43,0
DA:48,0
DA:50,0
DA:57,0
DA:63,0
DA:67,0
DA:68,0
DA:69,0
DA:70,0
DA:72,0
DA:73,0
DA:78,0
DA:80,0
DA:87,0
DA:93,0
DA:97,0
DA:98,0
DA:99,0
DA:100,0
DA:107,0
DA:108,0
DA:115,0
DA:116,0
DA:120,0
DA:138,0
DA:139,0
DA:140,0
DA:143,0
DA:144,0
DA:145,0
DA:147,0
DA:150,0
DA:151,0
DA:152,0
DA:155,0
DA:156,0
DA:158,0
DA:161,0
DA:162,0
DA:163,0
DA:166,0
DA:167,0
DA:168,0
DA:170,0
DA:174,0
DA:175,0
DA:176,0
DA:177,0
DA:179,0
DA:180,0
DA:182,0
DA:185,0
DA:189,0
DA:190,0
DA:192,0
DA:252,0
DA:280,0
DA:304,0
DA:305,0
DA:308,0
DA:309,0
DA:347,0
DA:348,0
DA:349,0
DA:352,0
DA:384,0
DA:385,0
DA:389,0
LF:89
LH:0
BRDA:42,0,0,0
BRDA:42,0,1,0
BRDA:52,1,0,0
BRDA:52,1,1,0
BRDA:72,2,0,0
BRDA:72,2,1,0
BRDA:82,3,0,0
BRDA:82,3,1,0
BRDA:116,4,0,0
BRDA:116,4,1,0
BRDA:139,5,0,0
BRDA:139,5,1,0
BRDA:139,6,0,0
BRDA:139,6,1,0
BRDA:151,7,0,0
BRDA:151,7,1,0
BRDA:151,8,0,0
BRDA:151,8,1,0
BRDA:162,9,0,0
BRDA:162,9,1,0
BRDA:162,10,0,0
BRDA:162,10,1,0
BRDA:170,11,0,0
BRDA:170,11,1,0
BRDA:179,12,0,0
BRDA:179,12,1,0
BRDA:187,13,0,0
BRDA:222,14,0,0
BRDA:233,15,0,0
BRDA:233,15,1,0
BRDA:255,16,0,0
BRDA:255,16,1,0
BRDA:262,17,0,0
BRDA:262,17,1,0
BRDA:284,18,0,0
BRDA:284,18,1,0
BRDA:305,19,0,0
BRDA:305,19,1,0
BRDA:309,20,0,0
BRDA:309,20,1,0
BRDA:309,20,2,0
BRDA:309,20,3,0
BRDA:344,21,0,0
BRDA:381,22,0,0
BRF:44
BRH:0
end_of_record
TN:
SF:components\ui\accordion.tsx
FNF:0
FNH:0
DA:3,0
DA:4,0
DA:5,0
DA:7,0
DA:9,0
DA:21,0
DA:41,0
DA:56,0
DA:58,0
LF:9
LH:0
BRF:0
BRH:0
end_of_record
TN:
SF:components\ui\alert-dialog.tsx
FNF:0
FNH:0
DA:3,0
DA:4,0
DA:6,0
DA:7,0
DA:9,0
DA:11,0
DA:13,0
DA:28,0
DA:46,0
DA:60,0
DA:74,0
DA:86,0
DA:98,0
DA:111,0
DA:127,0
DA:130,0
DA:131,0
DA:132,0
DA:133,0
DA:134,0
DA:135,0
DA:136,0
DA:137,0
DA:138,0
DA:139,0
DA:140,0
LF:26
LH:0
BRF:0
BRH:0
end_of_record
TN:
SF:components\ui\alert.tsx
FNF:0
FNH:0
DA:1,1
DA:2,1
DA:4,1
DA:6,1
DA:33,1
DA:45,1
DA:57,1
DA:59,0
LF:8
LH:7
BRF:0
BRH:0
end_of_record
TN:
SF:components\ui\aspect-ratio.tsx
FNF:0
FNH:0
DA:3,0
DA:5,0
DA:7,0
LF:3
LH:0
BRF:0
BRH:0
end_of_record
TN:
SF:components\ui\avatar.tsx
FNF:0
FNH:0
DA:3,0
DA:4,0
DA:6,0
DA:21,0
DA:33,0
DA:48,0
DA:50,0
LF:7
LH:0
BRF:0
BRH:0
end_of_record
TN:
SF:components\ui\badge.tsx
FN:30,Badge
FNF:1
FNH:0
FNDA:0,Badge
DA:1,0
DA:2,0
DA:4,0
DA:6,0
DA:36,0
LF:5
LH:0
BRF:0
BRH:0
end_of_record
TN:
SF:components\ui\breadcrumb.tsx
FN:47,(anonymous_14)
FNF:1
FNH:0
FNDA:0,(anonymous_14)
DA:1,0
DA:2,0
DA:3,0
DA:5,0
DA:13,0
DA:28,0
DA:40,0
DA:42,0
DA:48,0
DA:58,0
DA:73,0
DA:89,0
DA:105,0
DA:108,0
DA:109,0
DA:110,0
DA:111,0
DA:112,0
DA:113,0
DA:114,0
LF:20
LH:0
BRDA:48,0,0,0
BRDA:48,0,1,0
BRDA:86,1,0,0
BRDA:86,1,1,0
BRF:4
BRH:0
end_of_record
TN:
SF:components\ui\button.tsx
FN:43,(anonymous_6)
FNF:1
FNH:0
FNDA:0,(anonymous_6)
DA:1,1
DA:2,1
DA:3,1
DA:5,1
DA:7,1
DA:42,1
DA:44,0
DA:54,1
DA:56,0
LF:9
LH:7
BRDA:43,0,0,0
BRDA:44,1,0,0
BRDA:44,1,1,0
BRF:3
BRH:0
end_of_record
TN:
SF:components\ui\calendar.tsx
FN:12,Calendar
FNF:1
FNH:0
FNDA:0,Calendar
DA:3,0
DA:5,0
DA:7,0
DA:8,0
DA:61,0
DA:63,0
LF:6
LH:0
BRDA:15,0,0,0
BRF:1
BRH:0
end_of_record
TN:
SF:components\ui\card.tsx
FNF:0
FNH:0
DA:1,1
DA:3,1
DA:18,1
DA:30,1
DA:45,1
DA:57,1
DA:65,1
DA:77,1
DA:79,0
LF:9
LH:8
BRF:0
BRH:0
end_of_record
TN:
SF:components\ui\carousel.tsx
FN:35,useCarousel
FN:49,(anonymous_11)
FN:71,(anonymous_12)
FN:80,(anonymous_13)
FN:84,(anonymous_14)
FN:89,(anonymous_15)
FN:101,(anonymous_16)
FN:109,(anonymous_17)
FN:118,(anonymous_18)
FN:156,(anonymous_19)
FN:178,(anonymous_20)
FN:200,(anonymous_21)
FN:229,(anonymous_22)
FNF:13
FNH:0
FNDA:0,useCarousel
FNDA:0,(anonymous_11)
FNDA:0,(anonymous_12)
FNDA:0,(anonymous_13)
FNDA:0,(anonymous_14)
FNDA:0,(anonymous_15)
FNDA:0,(anonymous_16)
FNDA:0,(anonymous_17)
FNDA:0,(anonymous_18)
FNDA:0,(anonymous_19)
FNDA:0,(anonymous_20)
FNDA:0,(anonymous_21)
FNDA:0,(anonymous_22)
DA:3,0
DA:6,0
DA:7,0
DA:9,0
DA:10,0
DA:33,0
DA:36,0
DA:38,0
DA:39,0
DA:42,0
DA:45,0
DA:61,0
DA:68,0
DA:69,0
DA:71,0
DA:72,0
DA:73,0
DA:76,0
DA:77,0
DA:80,0
DA:81,0
DA:84,0
DA:85,0
DA:88,0
DA:90,0
DA:91,0
DA:92,0
DA:93,0
DA:94,0
DA:95,0
DA:101,0
DA:102,0
DA:103,0
DA:106,0
DA:109,0
DA:110,0
DA:111,0
DA:114,0
DA:115,0
DA:116,0
DA:118,0
DA:119,0
DA:151,0
DA:153,0
DA:157,0
DA:173,0
DA:175,0
DA:179,0
DA:195,0
DA:197,0
DA:201,0
DA:224,0
DA:226,0
DA:230,0
DA:253,0
DA:257,0
DA:258,0
DA:259,0
DA:260,0
DA:261,0
LF:60
LH:0
BRDA:38,0,0,0
BRDA:38,0,1,0
BRDA:51,1,0,0
BRDA:64,2,0,0
BRDA:64,2,1,0
BRDA:72,3,0,0
BRDA:72,3,1,0
BRDA:90,4,0,0
BRDA:90,4,1,0
BRDA:93,5,0,0
BRDA:93,5,1,0
BRDA:102,6,0,0
BRDA:102,6,1,0
BRDA:102,7,0,0
BRDA:102,7,1,0
BRDA:110,8,0,0
BRDA:110,8,1,0
BRDA:130,9,0,0
BRDA:130,9,1,0
BRDA:130,10,0,0
BRDA:130,10,1,0
BRDA:165,11,0,0
BRDA:165,11,1,0
BRDA:188,12,0,0
BRDA:188,12,1,0
BRDA:200,13,0,0
BRDA:200,14,0,0
BRDA:210,15,0,0
BRDA:210,15,1,0
BRDA:229,16,0,0
BRDA:229,17,0,0
BRDA:239,18,0,0
BRDA:239,18,1,0
BRF:33
BRH:0
end_of_record
TN:
SF:components\ui\checkbox.tsx
FNF:0
FNH:0
DA:3,0
DA:4,0
DA:5,0
DA:7,0
DA:28,0
DA:30,0
LF:6
LH:0
BRF:0
BRH:0
end_of_record
TN:
SF:components\ui\collapsible.tsx
FNF:0
FNH:0
DA:3,0
DA:5,0
DA:7,0
DA:9,0
DA:11,0
LF:5
LH:0
BRF:0
BRH:0
end_of_record
TN:
SF:components\ui\command.tsx
FN:26,(anonymous_14)
FN:127,(anonymous_21)
FNF:2
FNH:0
FNDA:0,(anonymous_14)
FNDA:0,(anonymous_21)
DA:3,0
DA:5,0
DA:6,0
DA:8,0
DA:9,0
DA:24,0
DA:26,0
DA:55,0
DA:68,0
DA:81,0
DA:97,0
DA:109,0
DA:125,0
DA:127,0
DA:141,0
DA:144,0
DA:145,0
DA:146,0
DA:147,0
DA:148,0
DA:149,0
DA:150,0
DA:151,0
DA:152,0
LF:24
LH:0
BRF:0
BRH:0
end_of_record
TN:
SF:components\ui\context-menu.tsx
FN:168,(anonymous_27)
FNF:1
FNH:0
FNDA:0,(anonymous_27)
DA:3,0
DA:4,0
DA:5,0
DA:7,0
DA:9,0
DA:11,0
DA:13,0
DA:15,0
DA:17,0
DA:19,0
DA:40,0
DA:55,0
DA:72,0
DA:90,0
DA:113,0
DA:136,0
DA:154,0
DA:166,0
DA:168,0
DA:182,0
DA:185,0
DA:186,0
DA:187,0
DA:188,0
DA:189,0
DA:190,0
DA:191,0
DA:192,0
DA:193,0
DA:194,0
DA:195,0
DA:196,0
DA:197,0
DA:198,0
DA:199,0
LF:35
LH:0
BRDA:31,0,0,0
BRDA:31,0,1,0
BRDA:84,1,0,0
BRDA:84,1,1,0
BRDA:148,2,0,0
BRDA:148,2,1,0
BRF:6
BRH:0
end_of_record
TN:
SF:components\ui\dialog.tsx
FNF:0
FNH:0
DA:3,0
DA:4,0
DA:5,0
DA:7,0
DA:9,0
DA:11,0
DA:13,0
DA:15,0
DA:30,0
DA:54,0
DA:68,0
DA:82,0
DA:97,0
DA:109,0
DA:112,0
DA:113,0
DA:114,0
DA:115,0
DA:116,0
DA:117,0
DA:118,0
DA:119,0
DA:120,0
DA:121,0
LF:24
LH:0
BRF:0
BRH:0
end_of_record
TN:
SF:components\ui\drawer.tsx
FNF:0
FNH:0
DA:3,0
DA:4,0
DA:6,0
DA:17,0
DA:19,0
DA:21,0
DA:23,0
DA:35,0
DA:56,0
DA:67,0
DA:78,0
DA:93,0
DA:105,0
DA:108,0
DA:109,0
DA:110,0
DA:111,0
DA:112,0
DA:113,0
DA:114,0
DA:115,0
DA:116,0
DA:117,0
LF:23
LH:0
BRDA:9,0,0,0
BRF:1
BRH:0
end_of_record
TN:
SF:components\ui\dropdown-menu.tsx
FN:171,(anonymous_27)
FNF:1
FNH:0
FNDA:0,(anonymous_27)
DA:3,0
DA:4,0
DA:5,0
DA:7,0
DA:9,0
DA:11,0
DA:13,0
DA:15,0
DA:17,0
DA:19,0
DA:40,0
DA:56,0
DA:75,0
DA:93,0
DA:116,0
DA:139,0
DA:157,0
DA:169,0
DA:171,0
DA:182,0
DA:185,0
DA:186,0
DA:187,0
DA:188,0
DA:189,0
DA:190,0
DA:191,0
DA:192,0
DA:193,0
DA:194,0
DA:195,0
DA:196,0
DA:197,0
DA:198,0
DA:199,0
LF:35
LH:0
BRDA:31,0,0,0
BRDA:31,0,1,0
BRDA:62,1,0,0
BRDA:87,2,0,0
BRDA:87,2,1,0
BRDA:151,3,0,0
BRDA:151,3,1,0
BRF:7
BRH:0
end_of_record
TN:
SF:components\ui\form.tsx
FN:31,(anonymous_12)
FN:44,(anonymous_13)
FN:78,(anonymous_14)
FN:92,(anonymous_15)
FN:109,(anonymous_16)
FN:131,(anonymous_17)
FN:148,(anonymous_18)
FNF:7
FNH:0
FNDA:0,(anonymous_12)
FNDA:0,(anonymous_13)
FNDA:0,(anonymous_14)
FNDA:0,(anonymous_15)
FNDA:0,(anonymous_16)
FNDA:0,(anonymous_17)
FNDA:0,(anonymous_18)
DA:3,0
DA:5,0
DA:13,0
DA:15,0
DA:16,0
DA:18,0
DA:27,0
DA:31,0
DA:44,0
DA:45,0
DA:46,0
DA:47,0
DA:49,0
DA:51,0
DA:52,0
DA:55,0
DA:57,0
DA:71,0
DA:75,0
DA:79,0
DA:87,0
DA:89,0
DA:93,0
DA:104,0
DA:106,0
DA:110,0
DA:126,0
DA:128,0
DA:132,0
DA:143,0
DA:145,0
DA:149,0
DA:150,0
DA:152,0
DA:153,0
DA:167,0
DA:170,0
DA:171,0
DA:172,0
DA:173,0
DA:174,0
DA:175,0
DA:176,0
DA:177,0
LF:44
LH:0
BRDA:51,0,0,0
BRDA:51,0,1,0
BRDA:98,1,0,0
BRDA:98,1,1,0
BRDA:117,2,0,0
BRDA:117,2,1,0
BRDA:150,3,0,0
BRDA:150,3,1,0
BRDA:152,4,0,0
BRDA:152,4,1,0
BRF:10
BRH:0
end_of_record
TN:
SF:components\ui\hover-card.tsx
FNF:0
FNH:0
DA:3,0
DA:4,0
DA:6,0
DA:8,0
DA:10,0
DA:27,0
DA:29,0
LF:7
LH:0
BRDA:15,0,0,0
BRDA:15,1,0,0
BRF:2
BRH:0
end_of_record
TN:
SF:components\ui\input-otp.tsx
FN:36,(anonymous_10)
FNF:1
FNH:0
FNDA:0,(anonymous_10)
DA:3,0
DA:4,0
DA:5,0
DA:7,0
DA:23,0
DA:31,0
DA:33,0
DA:37,0
DA:38,0
DA:59,0
DA:69,0
DA:71,0
LF:12
LH:0
BRDA:45,0,0,0
BRDA:45,0,1,0
BRDA:51,1,0,0
BRF:3
BRH:0
end_of_record
TN:
SF:components\ui\input.tsx
FN:6,(anonymous_4)
FNF:1
FNH:0
FNDA:0,(anonymous_4)
DA:1,1
DA:3,1
DA:5,1
DA:20,1
DA:22,0
LF:5
LH:4
BRF:0
BRH:0
end_of_record
TN:
SF:components\ui\label.tsx
FNF:0
FNH:0
DA:3,1
DA:4,1
DA:5,1
DA:7,1
DA:9,1
DA:24,1
DA:26,0
LF:7
LH:6
BRF:0
BRH:0
end_of_record
TN:
SF:components\ui\loader.tsx
FN:14,Loader
FNF:1
FNH:0
FNDA:0,Loader
DA:6,0
DA:14,0
DA:15,0
DA:21,0
LF:4
LH:0
BRDA:14,0,0,0
BRDA:14,1,0,0
BRF:2
BRH:0
end_of_record
TN:
SF:components\ui\menubar.tsx
FN:203,(anonymous_30)
FNF:1
FNH:0
FNDA:0,(anonymous_30)
DA:3,0
DA:4,0
DA:5,0
DA:7,0
DA:9,0
DA:11,0
DA:13,0
DA:15,0
DA:17,0
DA:32,0
DA:47,0
DA:68,0
DA:83,0
DA:108,0
DA:126,0
DA:149,0
DA:171,0
DA:189,0
DA:201,0
DA:203,0
DA:217,0
DA:220,0
DA:221,0
DA:222,0
DA:223,0
DA:224,0
DA:225,0
DA:226,0
DA:227,0
DA:228,0
DA:229,0
DA:230,0
DA:231,0
DA:232,0
DA:233,0
DA:234,0
DA:235,0
LF:37
LH:0
BRDA:59,0,0,0
BRDA:59,0,1,0
BRDA:90,1,0,0
BRDA:90,2,0,0
BRDA:90,3,0,0
BRDA:120,4,0,0
BRDA:120,4,1,0
BRDA:183,5,0,0
BRDA:183,5,1,0
BRF:9
BRH:0
end_of_record
TN:
SF:components\ui\navigation-menu.tsx
FNF:0
FNH:0
DA:1,0
DA:2,0
DA:3,0
DA:4,0
DA:6,0
DA:24,0
DA:39,0
DA:41,0
DA:43,0
DA:63,0
DA:78,0
DA:80,0
DA:97,0
DA:115,0
DA:119,0
DA:120,0
DA:121,0
DA:122,0
DA:123,0
DA:124,0
DA:125,0
DA:126,0
DA:127,0
LF:23
LH:0
BRF:0
BRH:0
end_of_record
TN:
SF:components\ui\pagination.tsx
FNF:0
FNH:0
DA:1,0
DA:2,0
DA:4,0
DA:5,0
DA:15,0
DA:27,0
DA:35,0
DA:60,0
DA:76,0
DA:92,0
DA:107,0
DA:110,0
DA:111,0
DA:112,0
DA:113,0
DA:114,0
DA:115,0
DA:116,0
LF:18
LH:0
BRDA:45,0,0,0
BRDA:49,1,0,0
BRDA:49,1,1,0
BRDA:52,2,0,0
BRDA:52,2,1,0
BRF:5
BRH:0
end_of_record
TN:
SF:components\ui\popover.tsx
FNF:0
FNH:0
DA:3,0
DA:4,0
DA:6,0
DA:8,0
DA:10,0
DA:29,0
DA:31,0
LF:7
LH:0
BRDA:15,0,0,0
BRDA:15,1,0,0
BRF:2
BRH:0
end_of_record
TN:
SF:components\ui\progress.tsx
FNF:0
FNH:0
DA:3,0
DA:4,0
DA:6,0
DA:23,0
DA:25,0
LF:5
LH:0
BRDA:19,0,0,0
BRDA:19,0,1,0
BRF:2
BRH:0
end_of_record
TN:
SF:components\ui\radio-group.tsx
FN:12,(anonymous_6)
FN:26,(anonymous_7)
FNF:2
FNH:0
FNDA:0,(anonymous_6)
FNDA:0,(anonymous_7)
DA:3,0
DA:4,0
DA:5,0
DA:7,0
DA:9,0
DA:21,0
DA:23,0
DA:42,0
DA:44,0
LF:9
LH:0
BRF:0
BRH:0
end_of_record
TN:
SF:components\ui\resizable.tsx
FNF:0
FNH:0
DA:3,0
DA:4,0
DA:6,0
DA:21,0
DA:45,0
LF:5
LH:0
BRDA:37,0,0,0
BRF:1
BRH:0
end_of_record
TN:
SF:components\ui\scroll-area.tsx
FNF:0
FNH:0
DA:3,0
DA:4,0
DA:6,0
DA:24,0
DA:46,0
DA:48,0
LF:6
LH:0
BRDA:29,0,0,0
BRDA:35,1,0,0
BRDA:35,1,1,0
BRDA:37,2,0,0
BRDA:37,2,1,0
BRF:5
BRH:0
end_of_record
TN:
SF:components\ui\select.tsx
FNF:0
FNH:0
DA:3,0
DA:4,0
DA:5,0
DA:7,0
DA:9,0
DA:11,0
DA:13,0
DA:33,0
DA:50,0
DA:67,0
DA:100,0
DA:112,0
DA:135,0
DA:147,0
DA:150,0
DA:151,0
DA:152,0
DA:153,0
DA:154,0
DA:155,0
DA:156,0
DA:157,0
DA:158,0
DA:159,0
LF:24
LH:0
BRDA:73,0,0,0
BRDA:79,1,0,0
BRDA:79,1,1,0
BRDA:90,2,0,0
BRDA:90,2,1,0
BRF:5
BRH:0
end_of_record
TN:
SF:components\ui\separator.tsx
FNF:0
FNH:0
DA:3,0
DA:4,0
DA:6,0
DA:29,0
DA:31,0
LF:5
LH:0
BRDA:13,0,0,0
BRDA:13,1,0,0
BRDA:22,2,0,0
BRDA:22,2,1,0
BRF:4
BRH:0
end_of_record
TN:
SF:components\ui\sheet.tsx
FNF:0
FNH:0
DA:3,0
DA:4,0
DA:5,0
DA:6,0
DA:8,0
DA:10,0
DA:12,0
DA:14,0
DA:16,0
DA:31,0
DA:33,0
DA:75,0
DA:89,0
DA:103,0
DA:115,0
DA:127,0
DA:130,0
DA:131,0
DA:132,0
DA:133,0
DA:134,0
DA:135,0
DA:136,0
DA:137,0
DA:138,0
DA:139,0
LF:26
LH:0
BRDA:59,0,0,0
BRF:1
BRH:0
end_of_record
TN:
SF:components\ui\sidebar.tsx
FN:41,useSidebar
FN:58,(anonymous_29)
FN:78,(anonymous_30)
FN:93,(anonymous_31)
FN:95,(anonymous_32)
FN:96,(anonymous_33)
FN:100,(anonymous_34)
FN:101,(anonymous_35)
FN:112,(anonymous_36)
FN:120,(anonymous_37)
FN:167,(anonymous_38)
FN:265,(anonymous_39)
FN:275,(anonymous_40)
FN:291,(anonymous_41)
FN:320,(anonymous_42)
FN:338,(anonymous_43)
FN:356,(anonymous_44)
FN:371,(anonymous_45)
FN:386,(anonymous_46)
FN:401,(anonymous_47)
FN:419,(anonymous_48)
FN:434,(anonymous_49)
FN:455,(anonymous_50)
FN:544,(anonymous_54)
FN:601,(anonymous_55)
FN:652,(anonymous_57)
FN:654,(anonymous_58)
FN:715,(anonymous_61)
FNF:28
FNH:0
FNDA:0,useSidebar
FNDA:0,(anonymous_29)
FNDA:0,(anonymous_30)
FNDA:0,(anonymous_31)
FNDA:0,(anonymous_32)
FNDA:0,(anonymous_33)
FNDA:0,(anonymous_34)
FNDA:0,(anonymous_35)
FNDA:0,(anonymous_36)
FNDA:0,(anonymous_37)
FNDA:0,(anonymous_38)
FNDA:0,(anonymous_39)
FNDA:0,(anonymous_40)
FNDA:0,(anonymous_41)
FNDA:0,(anonymous_42)
FNDA:0,(anonymous_43)
FNDA:0,(anonymous_44)
FNDA:0,(anonymous_45)
FNDA:0,(anonymous_46)
FNDA:0,(anonymous_47)
FNDA:0,(anonymous_48)
FNDA:0,(anonymous_49)
FNDA:0,(anonymous_50)
FNDA:0,(anonymous_54)
FNDA:0,(anonymous_55)
FNDA:0,(anonymous_57)
FNDA:0,(anonymous_58)
FNDA:0,(anonymous_61)
DA:3,0
DA:4,0
DA:5,0
DA:6,0
DA:8,0
DA:9,0
DA:10,0
DA:11,0
DA:12,0
DA:13,0
DA:14,0
DA:20,0
DA:22,0
DA:23,0
DA:24,0
DA:25,0
DA:26,0
DA:27,0
DA:39,0
DA:42,0
DA:43,0
DA:44,0
DA:47,0
DA:50,0
DA:70,0
DA:71,0
DA:75,0
DA:76,0
DA:77,0
DA:79,0
DA:80,0
DA:81,0
DA:83,0
DA:87,0
DA:93,0
DA:94,0
DA:95,0
DA:96,0
DA:100,0
DA:101,0
DA:102,0
DA:106,0
DA:107,0
DA:111,0
DA:112,0
DA:117,0
DA:119,0
DA:120,0
DA:157,0
DA:159,0
DA:178,0
DA:180,0
DA:195,0
DA:260,0
DA:262,0
DA:266,0
DA:276,0
DA:277,0
DA:286,0
DA:288,0
DA:292,0
DA:315,0
DA:317,0
DA:333,0
DA:335,0
DA:351,0
DA:353,0
DA:366,0
DA:368,0
DA:381,0
DA:383,0
DA:396,0
DA:398,0
DA:414,0
DA:416,0
DA:429,0
DA:431,0
DA:435,0
DA:450,0
DA:452,0
DA:456,0
DA:473,0
DA:486,0
DA:499,0
DA:512,0
DA:514,0
DA:536,0
DA:556,0
DA:557,0
DA:570,0
DA:571,0
DA:574,0
DA:575,0
DA:593,0
DA:595,0
DA:602,0
DA:624,0
DA:645,0
DA:647,0
DA:654,0
DA:655,0
DA:683,0
DA:700,0
DA:706,0
DA:708,0
DA:716,0
DA:736,0
DA:739,0
DA:740,0
DA:741,0
DA:742,0
DA:743,0
DA:744,0
DA:745,0
DA:746,0
DA:747,0
DA:748,0
DA:749,0
DA:750,0
DA:751,0
DA:752,0
DA:753,0
DA:754,0
DA:755,0
DA:756,0
DA:757,0
DA:758,0
DA:759,0
DA:760,0
DA:761,0
DA:762,0
LF:131
LH:0
BRDA:43,0,0,0
BRDA:43,0,1,0
BRDA:60,1,0,0
BRDA:76,2,0,0
BRDA:76,2,1,0
BRDA:79,3,0,0
BRDA:79,3,1,0
BRDA:80,4,0,0
BRDA:80,4,1,0
BRDA:94,5,0,0
BRDA:94,5,1,0
BRDA:102,6,0,0
BRDA:102,6,1,0
BRDA:103,7,0,0
BRDA:103,7,1,0
BRDA:103,7,2,0
BRDA:117,8,0,0
BRDA:117,8,1,0
BRDA:169,9,0,0
BRDA:170,10,0,0
BRDA:171,11,0,0
BRDA:180,12,0,0
BRDA:180,12,1,0
BRDA:195,13,0,0
BRDA:195,13,1,0
BRDA:220,14,0,0
BRDA:220,14,1,0
BRDA:230,15,0,0
BRDA:230,15,1,0
BRDA:230,16,0,0
BRDA:230,16,1,0
BRDA:238,17,0,0
BRDA:238,17,1,0
BRDA:242,18,0,0
BRDA:242,18,1,0
BRDA:242,19,0,0
BRDA:242,19,1,0
BRDA:434,20,0,0
BRDA:435,21,0,0
BRDA:435,21,1,0
BRDA:455,22,0,0
BRDA:456,23,0,0
BRDA:456,23,1,0
BRDA:546,24,0,0
BRDA:547,25,0,0
BRDA:548,26,0,0
BRDA:549,27,0,0
BRDA:556,28,0,0
BRDA:556,28,1,0
BRDA:570,29,0,0
BRDA:570,29,1,0
BRDA:574,30,0,0
BRDA:574,30,1,0
BRDA:586,31,0,0
BRDA:586,31,1,0
BRDA:601,32,0,0
BRDA:601,33,0,0
BRDA:602,34,0,0
BRDA:602,34,1,0
BRDA:616,35,0,0
BRDA:616,35,1,0
BRDA:652,36,0,0
BRDA:665,37,0,0
BRDA:715,38,0,0
BRDA:715,39,0,0
BRDA:716,40,0,0
BRDA:716,40,1,0
BRDA:727,41,0,0
BRDA:727,41,1,0
BRDA:728,42,0,0
BRDA:728,42,1,0
BRF:71
BRH:0
end_of_record
TN:
SF:components\ui\skeleton.tsx
FN:3,Skeleton
FNF:1
FNH:0
FNDA:0,Skeleton
DA:1,0
DA:15,0
LF:2
LH:0
BRF:0
BRH:0
end_of_record
TN:
SF:components\ui\slider.tsx
FNF:0
FNH:0
DA:3,0
DA:4,0
DA:6,0
DA:26,0
DA:28,0
LF:5
LH:0
BRF:0
BRH:0
end_of_record
TN:
SF:components\ui\sonner.tsx
FN:8,(anonymous_1)
FNF:1
FNH:0
FNDA:0,(anonymous_1)
DA:3,0
DA:4,0
DA:8,0
DA:9,0
DA:31,0
LF:5
LH:0
BRDA:9,0,0,0
BRF:1
BRH:0
end_of_record
TN:
SF:components\ui\switch.tsx
FNF:0
FNH:0
DA:3,0
DA:4,0
DA:6,0
DA:27,0
DA:29,0
LF:5
LH:0
BRF:0
BRH:0
end_of_record
TN:
SF:components\ui\table.tsx
FNF:0
FNH:0
DA:1,0
DA:3,0
DA:17,0
DA:25,0
DA:37,0
DA:52,0
DA:67,0
DA:82,0
DA:94,0
DA:106,0
DA:109,0
DA:110,0
DA:111,0
DA:112,0
DA:113,0
DA:114,0
DA:115,0
DA:116,0
LF:18
LH:0
BRF:0
BRH:0
end_of_record
TN:
SF:components\ui\tabs.tsx
FNF:0
FNH:0
DA:3,0
DA:4,0
DA:6,0
DA:8,0
DA:23,0
DA:38,0
DA:53,0
DA:55,0
LF:8
LH:0
BRF:0
BRH:0
end_of_record
TN:
SF:components\ui\textarea.tsx
FN:8,(anonymous_4)
FNF:1
FNH:0
FNDA:0,(anonymous_4)
DA:1,0
DA:3,0
DA:5,0
DA:20,0
DA:22,0
LF:5
LH:0
BRF:0
BRH:0
end_of_record
TN:
SF:components\ui\toast.tsx
FN:47,(anonymous_12)
FNF:1
FNH:0
FNDA:0,(anonymous_12)
DA:3,0
DA:4,0
DA:5,0
DA:6,0
DA:8,0
DA:10,0
DA:25,0
DA:27,0
DA:43,0
DA:56,0
DA:71,0
DA:89,0
DA:101,0
DA:113,0
DA:122,0
DA:123,0
DA:124,0
DA:125,0
DA:126,0
DA:127,0
DA:128,0
LF:21
LH:0
BRF:0
BRH:0
end_of_record
TN:
SF:components\ui\toaster.tsx
FN:13,Toaster
FN:18,(anonymous_2)
FNF:2
FNH:0
FNDA:0,Toaster
FNDA:0,(anonymous_2)
DA:3,0
DA:11,0
DA:13,0
DA:14,0
DA:19,0
LF:5
LH:0
BRDA:22,0,0,0
BRDA:23,1,0,0
BRF:2
BRH:0
end_of_record
TN:
SF:components\ui\toggle-group.tsx
FN:39,(anonymous_7)
FNF:1
FNH:0
FNDA:0,(anonymous_7)
DA:3,0
DA:4,0
DA:7,0
DA:8,0
DA:10,0
DA:33,0
DA:35,0
DA:40,0
DA:59,0
DA:61,0
LF:10
LH:0
BRDA:47,0,0,0
BRDA:47,0,1,0
BRDA:48,1,0,0
BRDA:48,1,1,0
BRF:4
BRH:0
end_of_record
TN:
SF:components\ui\toggle.tsx
FNF:0
FNH:0
DA:3,0
DA:4,0
DA:5,0
DA:7,0
DA:9,0
DA:43,0
DA:45,0
LF:7
LH:0
BRF:0
BRH:0
end_of_record
TN:
SF:components\ui\tooltip.tsx
FNF:0
FNH:0
DA:3,0
DA:4,0
DA:6,0
DA:8,0
DA:10,0
DA:12,0
DA:28,0
DA:30,0
LF:8
LH:0
BRDA:17,0,0,0
BRF:1
BRH:0
end_of_record
TN:
SF:components\ui\use-mobile.tsx
FN:5,useIsMobile
FN:8,(anonymous_5)
FN:10,(anonymous_6)
FN:15,(anonymous_7)
FNF:4
FNH:0
FNDA:0,useIsMobile
FNDA:0,(anonymous_5)
FNDA:0,(anonymous_6)
FNDA:0,(anonymous_7)
DA:1,0
DA:3,0
DA:5,0
DA:6,0
DA:8,0
DA:9,0
DA:10,0
DA:11,0
DA:13,0
DA:14,0
DA:15,0
DA:18,0
LF:12
LH:0
BRF:0
BRH:0
end_of_record
TN:
SF:components\ui\use-toast.ts
FN:30,genId
FN:61,(anonymous_8)
FN:66,(anonymous_9)
FN:77,(anonymous_10)
FN:88,(anonymous_11)
FN:101,(anonymous_12)
FN:108,(anonymous_13)
FN:127,(anonymous_14)
FN:136,dispatch
FN:138,(anonymous_16)
FN:145,toast
FN:148,(anonymous_18)
FN:153,(anonymous_19)
FN:161,(anonymous_20)
FN:174,useToast
FN:177,(anonymous_22)
FN:179,(anonymous_23)
FN:190,(anonymous_24)
FNF:18
FNH:0
FNDA:0,genId
FNDA:0,(anonymous_8)
FNDA:0,(anonymous_9)
FNDA:0,(anonymous_10)
FNDA:0,(anonymous_11)
FNDA:0,(anonymous_12)
FNDA:0,(anonymous_13)
FNDA:0,(anonymous_14)
FNDA:0,dispatch
FNDA:0,(anonymous_16)
FNDA:0,toast
FNDA:0,(anonymous_18)
FNDA:0,(anonymous_19)
FNDA:0,(anonymous_20)
FNDA:0,useToast
FNDA:0,(anonymous_22)
FNDA:0,(anonymous_23)
FNDA:0,(anonymous_24)
DA:4,0
DA:11,0
DA:12,0
DA:21,0
DA:28,0
DA:31,0
DA:32,0
DA:59,0
DA:61,0
DA:62,0
DA:63,0
DA:66,0
DA:67,0
DA:68,0
DA:74,0
DA:77,0
DA:78,0
DA:80,0
DA:86,0
DA:89,0
DA:94,0
DA:98,0
DA:99,0
DA:101,0
DA:102,0
DA:106,0
DA:109,0
DA:119,0
DA:120,0
DA:125,0
DA:127,0
DA:132,0
DA:134,0
DA:137,0
DA:138,0
DA:139,0
DA:146,0
DA:148,0
DA:149,0
DA:153,0
DA:155,0
DA:162,0
DA:167,0
DA:175,0
DA:177,0
DA:178,0
DA:179,0
DA:180,0
DA:181,0
DA:182,0
DA:187,0
DA:190,0
DA:194,0
LF:53
LH:0
BRDA:62,0,0,0
BRDA:62,0,1,0
BRDA:78,1,0,0
BRDA:78,1,1,0
BRDA:78,1,2,0
BRDA:78,1,3,0
BRDA:89,2,0,0
BRDA:89,2,1,0
BRDA:98,3,0,0
BRDA:98,3,1,0
BRDA:109,4,0,0
BRDA:109,4,1,0
BRDA:109,5,0,0
BRDA:109,5,1,0
BRDA:119,6,0,0
BRDA:119,6,1,0
BRDA:162,7,0,0
BRDA:162,7,1,0
BRDA:181,8,0,0
BRDA:181,8,1,0
BRF:20
BRH:0
end_of_record
TN:
SF:hooks\use-mobile.tsx
FN:5,useIsMobile
FN:8,(anonymous_5)
FN:10,(anonymous_6)
FN:15,(anonymous_7)
FNF:4
FNH:0
FNDA:0,useIsMobile
FNDA:0,(anonymous_5)
FNDA:0,(anonymous_6)
FNDA:0,(anonymous_7)
DA:1,0
DA:3,0
DA:5,0
DA:6,0
DA:8,0
DA:9,0
DA:10,0
DA:11,0
DA:13,0
DA:14,0
DA:15,0
DA:18,0
LF:12
LH:0
BRF:0
BRH:0
end_of_record
TN:
SF:hooks\use-toast.ts
FN:30,genId
FN:61,(anonymous_8)
FN:66,(anonymous_9)
FN:77,(anonymous_10)
FN:88,(anonymous_11)
FN:101,(anonymous_12)
FN:108,(anonymous_13)
FN:127,(anonymous_14)
FN:136,dispatch
FN:138,(anonymous_16)
FN:145,toast
FN:148,(anonymous_18)
FN:153,(anonymous_19)
FN:161,(anonymous_20)
FN:174,useToast
FN:177,(anonymous_22)
FN:179,(anonymous_23)
FN:190,(anonymous_24)
FNF:18
FNH:0
FNDA:0,genId
FNDA:0,(anonymous_8)
FNDA:0,(anonymous_9)
FNDA:0,(anonymous_10)
FNDA:0,(anonymous_11)
FNDA:0,(anonymous_12)
FNDA:0,(anonymous_13)
FNDA:0,(anonymous_14)
FNDA:0,dispatch
FNDA:0,(anonymous_16)
FNDA:0,toast
FNDA:0,(anonymous_18)
FNDA:0,(anonymous_19)
FNDA:0,(anonymous_20)
FNDA:0,useToast
FNDA:0,(anonymous_22)
FNDA:0,(anonymous_23)
FNDA:0,(anonymous_24)
DA:4,1
DA:11,1
DA:12,1
DA:21,1
DA:28,1
DA:31,0
DA:32,0
DA:59,1
DA:61,1
DA:62,0
DA:63,0
DA:66,0
DA:67,0
DA:68,0
DA:74,0
DA:77,1
DA:78,0
DA:80,0
DA:86,0
DA:89,0
DA:94,0
DA:98,0
DA:99,0
DA:101,0
DA:102,0
DA:106,0
DA:109,0
DA:119,0
DA:120,0
DA:125,0
DA:127,0
DA:132,1
DA:134,1
DA:137,0
DA:138,0
DA:139,0
DA:146,0
DA:148,0
DA:149,0
DA:153,0
DA:155,0
DA:162,0
DA:167,0
DA:175,0
DA:177,0
DA:178,0
DA:179,0
DA:180,0
DA:181,0
DA:182,0
DA:187,0
DA:190,0
DA:194,0
LF:53
LH:10
BRDA:62,0,0,0
BRDA:62,0,1,0
BRDA:78,1,0,0
BRDA:78,1,1,0
BRDA:78,1,2,0
BRDA:78,1,3,0
BRDA:89,2,0,0
BRDA:89,2,1,0
BRDA:98,3,0,0
BRDA:98,3,1,0
BRDA:109,4,0,0
BRDA:109,4,1,0
BRDA:109,5,0,0
BRDA:109,5,1,0
BRDA:119,6,0,0
BRDA:119,6,1,0
BRDA:162,7,0,0
BRDA:162,7,1,0
BRDA:181,8,0,0
BRDA:181,8,1,0
BRF:20
BRH:0
end_of_record
TN:
SF:lib\actions.ts
FN:21,loginAction
FN:80,registerAction
FN:152,logoutAction
FN:159,createReservationAction
FN:206,confirmReservationAction
FN:236,cancelReservationAction
FN:272,searchCourtsAction
FNF:7
FNH:0
FNDA:0,loginAction
FNDA:0,registerAction
FNDA:0,logoutAction
FNDA:0,createReservationAction
FNDA:0,confirmReservationAction
FNDA:0,cancelReservationAction
FNDA:0,searchCourtsAction
DA:9,0
DA:10,0
DA:11,0
DA:12,0
DA:21,0
DA:25,0
DA:30,0
DA:31,0
DA:37,0
DA:38,0
DA:40,0
DA:41,0
DA:47,0
DA:49,0
DA:50,0
DA:59,0
DA:60,0
DA:61,0
DA:63,0
DA:67,0
DA:72,0
DA:73,0
DA:80,0
DA:84,0
DA:93,0
DA:94,0
DA:100,0
DA:101,0
DA:107,0
DA:108,0
DA:109,0
DA:115,0
DA:116,0
DA:118,0
DA:119,0
DA:125,0
DA:127,0
DA:128,0
DA:136,0
DA:139,0
DA:144,0
DA:145,0
DA:152,0
DA:153,0
DA:154,0
DA:155,0
DA:159,0
DA:163,0
DA:170,0
DA:172,0
DA:178,0
DA:179,0
DA:181,0
DA:182,0
DA:188,0
DA:189,0
DA:193,0
DA:198,0
DA:199,0
DA:206,0
DA:209,0
DA:210,0
DA:212,0
DA:213,0
DA:219,0
DA:223,0
DA:228,0
DA:229,0
DA:236,0
DA:239,0
DA:240,0
DA:242,0
DA:243,0
DA:249,0
DA:250,0
DA:254,0
DA:259,0
DA:260,0
DA:268,0
DA:269,0
DA:272,0
DA:276,0
DA:283,0
DA:284,0
DA:286,0
DA:287,0
DA:293,0
DA:295,0
DA:300,0
DA:301,0
LF:90
LH:0
BRDA:30,0,0,0
BRDA:30,0,1,0
BRDA:30,1,0,0
BRDA:30,1,1,0
BRDA:40,2,0,0
BRDA:40,2,1,0
BRDA:47,3,0,0
BRDA:47,3,1,0
BRDA:60,4,0,0
BRDA:60,4,1,0
BRDA:89,5,0,0
BRDA:89,5,1,0
BRDA:93,6,0,0
BRDA:93,6,1,0
BRDA:93,7,0,0
BRDA:93,7,1,0
BRDA:93,7,2,0
BRDA:93,7,3,0
BRDA:100,8,0,0
BRDA:100,8,1,0
BRDA:108,9,0,0
BRDA:108,9,1,0
BRDA:118,10,0,0
BRDA:118,10,1,0
BRDA:125,11,0,0
BRDA:125,11,1,0
BRDA:170,12,0,0
BRDA:170,12,1,0
BRDA:170,13,0,0
BRDA:170,13,1,0
BRDA:170,13,2,0
BRDA:170,13,3,0
BRDA:181,14,0,0
BRDA:181,14,1,0
BRDA:212,15,0,0
BRDA:212,15,1,0
BRDA:242,16,0,0
BRDA:242,16,1,0
BRDA:277,17,0,0
BRDA:277,17,1,0
BRDA:278,18,0,0
BRDA:278,18,1,0
BRDA:279,19,0,0
BRDA:279,19,1,0
BRDA:286,20,0,0
BRDA:286,20,1,0
BRDA:296,21,0,0
BRDA:296,21,1,0
BRDA:297,22,0,0
BRDA:297,22,1,0
BRF:50
BRH:0
end_of_record
TN:
SF:lib\api-client.ts
FN:82,(anonymous_3)
FN:86,(anonymous_4)
FN:150,(anonymous_5)
FN:156,(anonymous_6)
FN:164,(anonymous_7)
FN:171,(anonymous_8)
FN:178,(anonymous_9)
FN:183,(anonymous_10)
FN:191,(anonymous_11)
FN:202,(anonymous_12)
FN:206,(anonymous_13)
FN:217,(anonymous_14)
FN:229,(anonymous_15)
FN:233,(anonymous_16)
FN:239,(anonymous_17)
FN:246,(anonymous_18)
FN:250,(anonymous_19)
FN:254,(anonymous_20)
FN:267,(anonymous_21)
FNF:19
FNH:1
FNDA:1,(anonymous_3)
FNDA:0,(anonymous_4)
FNDA:0,(anonymous_5)
FNDA:0,(anonymous_6)
FNDA:0,(anonymous_7)
FNDA:0,(anonymous_8)
FNDA:0,(anonymous_9)
FNDA:0,(anonymous_10)
FNDA:0,(anonymous_11)
FNDA:0,(anonymous_12)
FNDA:0,(anonymous_13)
FNDA:0,(anonymous_14)
FNDA:0,(anonymous_15)
FNDA:0,(anonymous_16)
FNDA:0,(anonymous_17)
FNDA:0,(anonymous_18)
FNDA:0,(anonymous_19)
FNDA:0,(anonymous_20)
FNDA:0,(anonymous_21)
DA:7,1
DA:8,1
DA:10,1
DA:83,1
DA:90,0
DA:92,0
DA:101,0
DA:102,0
DA:106,0
DA:107,0
DA:109,0
DA:112,0
DA:114,0
DA:115,0
DA:116,0
DA:123,0
DA:129,0
DA:136,0
DA:137,0
DA:142,0
DA:155,0
DA:156,0
DA:165,0
DA:172,0
DA:179,0
DA:189,0
DA:190,0
DA:191,0
DA:192,0
DA:193,0
DA:198,0
DA:199,0
DA:203,0
DA:213,0
DA:223,0
DA:230,0
DA:234,0
DA:240,0
DA:247,0
DA:251,0
DA:263,0
DA:268,0
DA:269,0
DA:270,0
DA:274,1
DA:275,1
LF:46
LH:6
BRDA:10,0,0,1
BRDA:10,0,1,0
BRDA:88,1,0,0
BRDA:95,2,0,0
BRDA:95,2,1,0
BRDA:112,3,0,0
BRDA:112,3,1,0
BRDA:114,4,0,0
BRDA:114,4,1,0
BRDA:115,5,0,0
BRDA:115,5,1,0
BRDA:118,6,0,0
BRDA:118,6,1,0
BRDA:136,7,0,0
BRDA:136,7,1,0
BRDA:139,8,0,0
BRDA:139,8,1,0
BRDA:152,9,0,0
BRDA:153,10,0,0
BRDA:159,11,0,0
BRDA:159,11,1,0
BRDA:190,12,0,0
BRDA:190,12,1,0
BRDA:192,13,0,0
BRDA:192,13,1,0
BRDA:198,14,0,0
BRDA:198,14,1,0
BRF:27
BRH:1
end_of_record
TN:
SF:lib\auth-server.ts
FN:20,decodeJWT
FN:34,getServerToken
FN:39,getServerUser
FN:61,isServerAuthenticated
FN:74,isServerAdmin
FN:80,requireAuth
FN:88,requireAdmin
FNF:7
FNH:0
FNDA:0,decodeJWT
FNDA:0,getServerToken
FNDA:0,getServerUser
FNDA:0,isServerAuthenticated
FNDA:0,isServerAdmin
FNDA:0,requireAuth
FNDA:0,requireAdmin
DA:6,0
DA:21,0
DA:22,0
DA:23,0
DA:25,0
DA:26,0
DA:27,0
DA:29,0
DA:34,0
DA:35,0
DA:36,0
DA:39,0
DA:40,0
DA:41,0
DA:43,0
DA:44,0
DA:45,0
DA:47,0
DA:57,0
DA:61,0
DA:62,0
DA:63,0
DA:65,0
DA:66,0
DA:67,0
DA:68,0
DA:70,0
DA:74,0
DA:75,0
DA:76,0
DA:80,0
DA:81,0
DA:82,0
DA:83,0
DA:85,0
DA:88,0
DA:89,0
DA:90,0
DA:91,0
DA:93,0
LF:40
LH:0
BRDA:23,0,0,0
BRDA:23,0,1,0
BRDA:36,1,0,0
BRDA:36,1,1,0
BRDA:41,2,0,0
BRDA:41,2,1,0
BRDA:45,3,0,0
BRDA:45,3,1,0
BRDA:63,4,0,0
BRDA:63,4,1,0
BRDA:67,5,0,0
BRDA:67,5,1,0
BRDA:82,6,0,0
BRDA:82,6,1,0
BRDA:90,7,0,0
BRDA:90,7,1,0
BRF:16
BRH:0
end_of_record
TN:
SF:lib\auth.ts
FN:26,decodeJWT
FN:40,setCookie
FN:49,getCookie
FN:60,removeCookie
FN:66,getClientUser
FN:88,isClientAuthenticated
FN:101,isClientAdmin
FN:107,loginUser
FN:111,logoutUser
FNF:9
FNH:0
FNDA:0,decodeJWT
FNDA:0,setCookie
FNDA:0,getCookie
FNDA:0,removeCookie
FNDA:0,getClientUser
FNDA:0,isClientAuthenticated
FNDA:0,isClientAdmin
FNDA:0,loginUser
FNDA:0,logoutUser
DA:27,0
DA:28,0
DA:29,0
DA:31,0
DA:32,0
DA:33,0
DA:35,0
DA:40,0
DA:41,0
DA:43,0
DA:44,0
DA:46,0
DA:49,0
DA:50,0
DA:52,0
DA:53,0
DA:54,0
DA:55,0
DA:57,0
DA:60,0
DA:61,0
DA:63,0
DA:66,0
DA:67,0
DA:68,0
DA:70,0
DA:71,0
DA:72,0
DA:74,0
DA:84,0
DA:88,0
DA:89,0
DA:90,0
DA:92,0
DA:93,0
DA:94,0
DA:95,0
DA:97,0
DA:101,0
DA:102,0
DA:103,0
DA:107,0
DA:111,0
DA:112,0
DA:113,0
DA:114,0
LF:46
LH:0
BRDA:29,0,0,0
BRDA:29,0,1,0
BRDA:40,1,0,0
BRDA:41,2,0,0
BRDA:41,2,1,0
BRDA:50,3,0,0
BRDA:50,3,1,0
BRDA:54,4,0,0
BRDA:54,4,1,0
BRDA:55,5,0,0
BRDA:55,5,1,0
BRDA:61,6,0,0
BRDA:61,6,1,0
BRDA:68,7,0,0
BRDA:68,7,1,0
BRDA:72,8,0,0
BRDA:72,8,1,0
BRDA:90,9,0,0
BRDA:90,9,1,0
BRDA:94,10,0,0
BRDA:94,10,1,0
BRDA:113,11,0,0
BRDA:113,11,1,0
BRF:23
BRH:0
end_of_record
TN:
SF:lib\error-utils.ts
FN:50,classifyError
FN:203,logError
FN:244,sendToErrorTrackingService
FN:266,(anonymous_14)
FN:294,(anonymous_15)
FN:300,(anonymous_16)
FN:323,(anonymous_17)
FN:327,(anonymous_18)
FN:333,formatErrorForUser
FN:354,getErrorColor
FN:370,setupGlobalErrorHandlers
FN:373,(anonymous_22)
FN:383,(anonymous_23)
FNF:13
FNH:7
FNDA:31,classifyError
FNDA:7,logError
FNDA:0,sendToErrorTrackingService
FNDA:0,(anonymous_14)
FNDA:0,(anonymous_15)
FNDA:0,(anonymous_16)
FNDA:0,(anonymous_17)
FNDA:0,(anonymous_18)
FNDA:5,formatErrorForUser
FNDA:2,getErrorColor
FNDA:3,setupGlobalErrorHandlers
FNDA:1,(anonymous_22)
FNDA:1,(anonymous_23)
DA:7,15
DA:19,18
DA:50,29
DA:51,31
DA:52,31
DA:53,31
DA:54,31
DA:56,31
DA:57,31
DA:58,31
DA:59,31
DA:62,31
DA:67,4
DA:68,4
DA:69,4
DA:70,4
DA:78,27
DA:79,0
DA:80,0
DA:81,0
DA:82,0
DA:90,27
DA:95,2
DA:96,2
DA:97,2
DA:98,2
DA:106,25
DA:109,1
DA:110,1
DA:111,1
DA:112,1
DA:120,24
DA:122,1
DA:123,1
DA:124,1
DA:125,1
DA:133,23
DA:137,2
DA:138,2
DA:139,2
DA:140,2
DA:148,21
DA:154,4
DA:155,4
DA:156,4
DA:157,4
DA:165,17
DA:171,1
DA:172,1
DA:173,1
DA:174,1
DA:182,31
DA:185,1
DA:188,31
DA:203,5
DA:204,7
DA:206,7
DA:220,7
DA:222,1
DA:223,1
DA:225,4
DA:226,4
DA:228,1
DA:229,1
DA:231,1
DA:232,1
DA:236,7
DA:237,0
DA:240,7
DA:259,0
DA:263,8
DA:264,2
DA:272,0
DA:273,0
DA:275,0
DA:276,0
DA:278,0
DA:280,0
DA:282,0
DA:283,0
DA:284,0
DA:287,0
DA:288,0
DA:290,0
DA:293,0
DA:294,0
DA:296,0
DA:305,0
DA:306,0
DA:308,0
DA:309,0
DA:311,0
DA:313,0
DA:314,0
DA:316,0
DA:317,0
DA:318,0
DA:324,0
DA:328,0
DA:333,5
DA:334,5
DA:336,2
DA:338,1
DA:340,0
DA:342,1
DA:344,0
DA:346,0
DA:348,0
DA:350,1
DA:354,2
DA:355,2
DA:357,0
DA:359,0
DA:361,0
DA:363,1
DA:365,1
DA:370,3
DA:372,3
DA:373,3
DA:374,1
DA:375,1
DA:376,1
DA:379,1
DA:383,3
DA:384,1
DA:385,1
DA:386,1
LF:127
LH:87
BRDA:51,0,0,0
BRDA:51,0,1,31
BRDA:52,1,0,0
BRDA:52,1,1,31
BRDA:52,2,0,31
BRDA:52,2,1,0
BRDA:62,3,0,4
BRDA:62,3,1,27
BRDA:62,4,0,31
BRDA:62,4,1,29
BRDA:62,4,2,28
BRDA:62,4,3,28
BRDA:62,4,4,27
BRDA:78,5,0,0
BRDA:78,5,1,27
BRDA:78,6,0,27
BRDA:78,6,1,27
BRDA:90,7,0,2
BRDA:90,7,1,25
BRDA:90,8,0,27
BRDA:90,8,1,27
BRDA:90,8,2,25
BRDA:90,8,3,25
BRDA:90,8,4,25
BRDA:106,9,0,1
BRDA:106,9,1,24
BRDA:106,10,0,25
BRDA:106,10,1,25
BRDA:106,10,2,24
BRDA:120,11,0,1
BRDA:120,11,1,23
BRDA:120,12,0,24
BRDA:120,12,1,24
BRDA:133,13,0,2
BRDA:133,13,1,21
BRDA:133,14,0,23
BRDA:133,14,1,23
BRDA:133,14,2,23
BRDA:133,14,3,21
BRDA:148,15,0,4
BRDA:148,15,1,17
BRDA:148,16,0,21
BRDA:148,16,1,20
BRDA:148,16,2,19
BRDA:148,16,3,18
BRDA:148,16,4,18
BRDA:148,16,5,17
BRDA:165,17,0,1
BRDA:165,17,1,16
BRDA:165,18,0,17
BRDA:165,18,1,17
BRDA:165,18,2,17
BRDA:165,18,3,17
BRDA:165,18,4,17
BRDA:165,18,5,17
BRDA:182,19,0,1
BRDA:182,19,1,30
BRDA:182,20,0,31
BRDA:182,20,1,31
BRDA:182,20,2,31
BRDA:195,21,0,31
BRDA:195,21,1,0
BRDA:196,22,0,31
BRDA:196,22,1,0
BRDA:209,23,0,7
BRDA:209,23,1,0
BRDA:220,24,0,1
BRDA:220,24,1,4
BRDA:220,24,2,1
BRDA:220,24,3,1
BRDA:236,25,0,0
BRDA:236,25,1,7
BRDA:268,26,0,0
BRDA:269,27,0,0
BRDA:272,28,0,0
BRDA:272,28,1,0
BRDA:273,29,0,0
BRDA:273,29,1,0
BRDA:282,30,0,0
BRDA:282,30,1,0
BRDA:282,31,0,0
BRDA:282,31,1,0
BRDA:290,32,0,0
BRDA:290,32,1,0
BRDA:324,33,0,0
BRDA:324,33,1,0
BRDA:334,34,0,2
BRDA:334,34,1,1
BRDA:334,34,2,0
BRDA:334,34,3,1
BRDA:334,34,4,0
BRDA:334,34,5,0
BRDA:334,34,6,0
BRDA:334,34,7,1
BRDA:355,35,0,0
BRDA:355,35,1,0
BRDA:355,35,2,0
BRDA:355,35,3,1
BRDA:355,35,4,1
BRDA:372,36,0,3
BRDA:372,36,1,0
BRDA:374,37,0,1
BRDA:374,37,1,0
BRDA:384,38,0,1
BRDA:384,38,1,0
BRF:105
BRH:73
end_of_record
TN:
SF:lib\notifications.ts
FN:38,(anonymous_7)
FN:40,(anonymous_8)
FN:41,(anonymous_9)
FN:50,(anonymous_10)
FN:56,(anonymous_11)
FN:65,(anonymous_12)
FN:72,(anonymous_13)
FN:81,(anonymous_14)
FN:90,(anonymous_15)
FN:106,(anonymous_16)
FN:114,(anonymous_17)
FN:118,(anonymous_18)
FN:119,(anonymous_19)
FN:122,(anonymous_20)
FN:123,(anonymous_21)
FN:132,(anonymous_22)
FN:139,(anonymous_23)
FN:147,(anonymous_24)
FN:153,getNotifications
FN:174,markNotificationAsRead
FN:191,clearNotification
FN:209,requestNotificationPermission
FN:218,showBrowserNotification
FN:228,(anonymous_30)
FN:237,(anonymous_31)
FNF:25
FNH:0
FNDA:0,(anonymous_7)
FNDA:0,(anonymous_8)
FNDA:0,(anonymous_9)
FNDA:0,(anonymous_10)
FNDA:0,(anonymous_11)
FNDA:0,(anonymous_12)
FNDA:0,(anonymous_13)
FNDA:0,(anonymous_14)
FNDA:0,(anonymous_15)
FNDA:0,(anonymous_16)
FNDA:0,(anonymous_17)
FNDA:0,(anonymous_18)
FNDA:0,(anonymous_19)
FNDA:0,(anonymous_20)
FNDA:0,(anonymous_21)
FNDA:0,(anonymous_22)
FNDA:0,(anonymous_23)
FNDA:0,(anonymous_24)
FNDA:0,getNotifications
FNDA:0,markNotificationAsRead
FNDA:0,clearNotification
FNDA:0,requestNotificationPermission
FNDA:0,showBrowserNotification
FNDA:0,(anonymous_30)
FNDA:0,(anonymous_31)
DA:31,0
DA:32,0
DA:33,0
DA:34,0
DA:35,0
DA:36,0
DA:38,0
DA:41,0
DA:42,0
DA:43,0
DA:44,0
DA:46,0
DA:50,0
DA:51,0
DA:52,0
DA:53,0
DA:56,0
DA:57,0
DA:58,0
DA:59,0
DA:61,0
DA:65,0
DA:66,0
DA:67,0
DA:68,0
DA:72,0
DA:73,0
DA:74,0
DA:81,0
DA:82,0
DA:83,0
DA:90,0
DA:91,0
DA:92,0
DA:100,0
DA:101,0
DA:107,0
DA:108,0
DA:109,0
DA:110,0
DA:115,0
DA:119,0
DA:123,0
DA:124,0
DA:125,0
DA:127,0
DA:133,0
DA:134,0
DA:135,0
DA:137,0
DA:139,0
DA:140,0
DA:143,0
DA:148,0
DA:153,0
DA:154,0
DA:155,0
DA:162,0
DA:163,0
DA:166,0
DA:167,0
DA:169,0
DA:170,0
DA:174,0
DA:175,0
DA:176,0
DA:184,0
DA:186,0
DA:187,0
DA:191,0
DA:192,0
DA:193,0
DA:201,0
DA:203,0
DA:204,0
DA:209,0
DA:210,0
DA:211,0
DA:212,0
DA:215,0
DA:218,0
DA:219,0
DA:220,0
DA:228,0
DA:229,0
DA:230,0
DA:232,0
DA:236,0
DA:237,0
DA:238,0
LF:90
LH:0
BRDA:43,0,0,0
BRDA:43,0,1,0
BRDA:107,1,0,0
BRDA:107,1,1,0
BRDA:133,2,0,0
BRDA:133,2,1,0
BRDA:162,3,0,0
BRDA:162,3,1,0
BRDA:167,4,0,0
BRDA:167,4,1,0
BRDA:210,5,0,0
BRDA:210,5,1,0
BRDA:219,6,0,0
BRDA:219,6,1,0
BRDA:229,7,0,0
BRDA:229,7,1,0
BRDA:236,8,0,0
BRDA:236,8,1,0
BRF:18
BRH:0
end_of_record
TN:
SF:lib\utils.ts
FN:4,cn
FNF:1
FNH:0
FNDA:0,cn
DA:1,1
DA:2,1
DA:4,0
DA:5,0
LF:4
LH:2
BRF:0
BRH:0
end_of_record
